# JRE version: OpenJDK Runtime Environment (11.0.8+10) (build 11.0.8+10-b944.6842174)
# Java VM: OpenJDK 64-Bit Server VM (11.0.8+10-b944.6842174, mixed mode, tiered, compressed oops, g1 gc, windows-amd64)
Heap:
 garbage-first heap   total 474112K, used 138107K [0x0000000080000000, 0x0000000100000000)
  region size 1024K, 11 young (11264K), 11 survivors (11264K)
 Metaspace       used 103867K, capacity 106364K, committed 106624K, reserved 1142784K
  class space    used 12886K, capacity 13793K, committed 13952K, reserved 1048576K
GC Heap History (20 events):
Event: 142.204 GC heap after
{Heap after GC invocations=121 (full 0):
 garbage-first heap   total 204800K, used 130114K [0x0000000080000000, 0x0000000100000000)
  region size 1024K, 3 young (3072K), 3 survivors (3072K)
 Metaspace       used 103427K, capacity 105938K, committed 106368K, reserved 1142784K
  class space    used 12874K, capacity 13789K, committed 13952K, reserved 1048576K
}
Event: 142.233 GC heap before
{Heap before GC invocations=121 (full 0):
 garbage-first heap   total 204800K, used 136258K [0x0000000080000000, 0x0000000100000000)
  region size 1024K, 10 young (10240K), 3 survivors (3072K)
 Metaspace       used 103427K, capacity 105938K, committed 106368K, reserved 1142784K
  class space    used 12874K, capacity 13789K, committed 13952K, reserved 1048576K
}
Event: 142.242 GC heap after
{Heap after GC invocations=122 (full 0):
 garbage-first heap   total 204800K, used 128319K [0x0000000080000000, 0x0000000100000000)
  region size 1024K, 1 young (1024K), 1 survivors (1024K)
 Metaspace       used 103427K, capacity 105938K, committed 106368K, reserved 1142784K
  class space    used 12874K, capacity 13789K, committed 13952K, reserved 1048576K
}
Event: 142.425 GC heap before
{Heap before GC invocations=122 (full 0):
 garbage-first heap   total 204800K, used 174399K [0x0000000080000000, 0x0000000100000000)
  region size 1024K, 46 young (47104K), 1 survivors (1024K)
 Metaspace       used 103496K, capacity 106004K, committed 106368K, reserved 1142784K
  class space    used 12877K, capacity 13789K, committed 13952K, reserved 1048576K
}
Event: 142.434 GC heap after
{Heap after GC invocations=123 (full 0):
 garbage-first heap   total 245760K, used 129179K [0x0000000080000000, 0x0000000100000000)
  region size 1024K, 2 young (2048K), 2 survivors (2048K)
 Metaspace       used 103496K, capacity 106004K, committed 106368K, reserved 1142784K
  class space    used 12877K, capacity 13789K, committed 13952K, reserved 1048576K
}
Event: 142.694 GC heap before
{Heap before GC invocations=123 (full 0):
 garbage-first heap   total 245760K, used 192667K [0x0000000080000000, 0x0000000100000000)
  region size 1024K, 64 young (65536K), 2 survivors (2048K)
 Metaspace       used 103581K, capacity 106077K, committed 106368K, reserved 1142784K
  class space    used 12878K, capacity 13791K, committed 13952K, reserved 1048576K
}
Event: 142.700 GC heap after
{Heap after GC invocations=124 (full 0):
 garbage-first heap   total 245760K, used 129910K [0x0000000080000000, 0x0000000100000000)
  region size 1024K, 3 young (3072K), 3 survivors (3072K)
 Metaspace       used 103581K, capacity 106077K, committed 106368K, reserved 1142784K
  class space    used 12878K, capacity 13791K, committed 13952K, reserved 1048576K
}
Event: 142.923 GC heap before
{Heap before GC invocations=124 (full 0):
 garbage-first heap   total 245760K, used 195446K [0x0000000080000000, 0x0000000100000000)
  region size 1024K, 67 young (68608K), 3 survivors (3072K)
 Metaspace       used 103667K, capacity 106150K, committed 106624K, reserved 1142784K
  class space    used 12878K, capacity 13791K, committed 13952K, reserved 1048576K
}
Event: 142.931 GC heap after
{Heap after GC invocations=125 (full 0):
 garbage-first heap   total 245760K, used 130582K [0x0000000080000000, 0x0000000100000000)
  region size 1024K, 3 young (3072K), 3 survivors (3072K)
 Metaspace       used 103667K, capacity 106150K, committed 106624K, reserved 1142784K
  class space    used 12878K, capacity 13791K, committed 13952K, reserved 1048576K
}
Event: 143.129 GC heap before
{Heap before GC invocations=125 (full 0):
 garbage-first heap   total 245760K, used 198166K [0x0000000080000000, 0x0000000100000000)
  region size 1024K, 69 young (70656K), 3 survivors (3072K)
 Metaspace       used 103718K, capacity 106218K, committed 106624K, reserved 1142784K
  class space    used 12882K, capacity 13791K, committed 13952K, reserved 1048576K
}
Event: 143.140 GC heap after
{Heap after GC invocations=126 (full 0):
 garbage-first heap   total 245760K, used 131388K [0x0000000080000000, 0x0000000100000000)
  region size 1024K, 4 young (4096K), 4 survivors (4096K)
 Metaspace       used 103718K, capacity 106218K, committed 106624K, reserved 1142784K
  class space    used 12882K, capacity 13791K, committed 13952K, reserved 1048576K
}
Event: 143.440 GC heap before
{Heap before GC invocations=126 (full 0):
 garbage-first heap   total 245760K, used 201020K [0x0000000080000000, 0x0000000100000000)
  region size 1024K, 72 young (73728K), 4 survivors (4096K)
 Metaspace       used 103738K, capacity 106220K, committed 106624K, reserved 1142784K
  class space    used 12882K, capacity 13791K, committed 13952K, reserved 1048576K
}
Event: 143.455 GC heap after
{Heap after GC invocations=127 (full 0):
 garbage-first heap   total 294912K, used 132625K [0x0000000080000000, 0x0000000100000000)
  region size 1024K, 5 young (5120K), 5 survivors (5120K)
 Metaspace       used 103738K, capacity 106220K, committed 106624K, reserved 1142784K
  class space    used 12882K, capacity 13791K, committed 13952K, reserved 1048576K
}
Event: 143.725 GC heap before
{Heap before GC invocations=127 (full 0):
 garbage-first heap   total 294912K, used 222737K [0x0000000080000000, 0x0000000100000000)
  region size 1024K, 93 young (95232K), 5 survivors (5120K)
 Metaspace       used 103809K, capacity 106297K, committed 106624K, reserved 1142784K
  class space    used 12885K, capacity 13793K, committed 13952K, reserved 1048576K
}
Event: 143.739 GC heap after
{Heap after GC invocations=128 (full 0):
 garbage-first heap   total 294912K, used 133524K [0x0000000080000000, 0x0000000100000000)
  region size 1024K, 6 young (6144K), 6 survivors (6144K)
 Metaspace       used 103809K, capacity 106297K, committed 106624K, reserved 1142784K
  class space    used 12885K, capacity 13793K, committed 13952K, reserved 1048576K
}
Event: 144.000 GC heap before
{Heap before GC invocations=128 (full 0):
 garbage-first heap   total 294912K, used 231828K [0x0000000080000000, 0x0000000100000000)
  region size 1024K, 102 young (104448K), 6 survivors (6144K)
 Metaspace       used 103824K, capacity 106298K, committed 106624K, reserved 1142784K
  class space    used 12885K, capacity 13793K, committed 13952K, reserved 1048576K
}
Event: 144.020 GC heap after
{Heap after GC invocations=129 (full 0):
 garbage-first heap   total 294912K, used 134448K [0x0000000080000000, 0x0000000100000000)
  region size 1024K, 7 young (7168K), 7 survivors (7168K)
 Metaspace       used 103824K, capacity 106298K, committed 106624K, reserved 1142784K
  class space    used 12885K, capacity 13793K, committed 13952K, reserved 1048576K
}
Event: 144.326 GC heap before
{Heap before GC invocations=129 (full 0):
 garbage-first heap   total 294912K, used 237872K [0x0000000080000000, 0x0000000100000000)
  region size 1024K, 108 young (110592K), 7 survivors (7168K)
 Metaspace       used 103843K, capacity 106299K, committed 106624K, reserved 1142784K
  class space    used 12885K, capacity 13793K, committed 13952K, reserved 1048576K
}
Event: 144.350 GC heap after
{Heap after GC invocations=130 (full 0):
 garbage-first heap   total 294912K, used 135292K [0x0000000080000000, 0x0000000100000000)
  region size 1024K, 8 young (8192K), 8 survivors (8192K)
 Metaspace       used 103843K, capacity 106299K, committed 106624K, reserved 1142784K
  class space    used 12885K, capacity 13793K, committed 13952K, reserved 1048576K
}
Event: 144.784 GC heap before
{Heap before GC invocations=130 (full 0):
 garbage-first heap   total 294912K, used 242812K [0x0000000080000000, 0x0000000100000000)
  region size 1024K, 113 young (115712K), 8 survivors (8192K)
 Metaspace       used 103867K, capacity 106364K, committed 106624K, reserved 1142784K
  class space    used 12886K, capacity 13793K, committed 13952K, reserved 1048576K
}

