# JRE version: OpenJDK Runtime Environment (11.0.8+10) (build 11.0.8+10-b944.6842174)
# Java VM: OpenJDK 64-Bit Server VM (11.0.8+10-b944.6842174, mixed mode, tiered, compressed oops, g1 gc, windows-amd64)
Heap:
 garbage-first heap   total 488448K, used 164541K [0x0000000080000000, 0x0000000100000000)
  region size 1024K, 11 young (11264K), 11 survivors (11264K)
 Metaspace       used 131442K, capacity 134599K, committed 135296K, reserved 1167360K
  class space    used 15874K, capacity 16971K, committed 17280K, reserved 1048576K
GC Heap History (20 events):
Event: 386.949 GC heap after
{Heap after GC invocations=198 (full 0):
 garbage-first heap   total 235520K, used 153404K [0x0000000080000000, 0x0000000100000000)
  region size 1024K, 4 young (4096K), 4 survivors (4096K)
 Metaspace       used 131249K, capacity 134359K, committed 134912K, reserved 1167360K
  class space    used 15863K, capacity 16937K, committed 17152K, reserved 1048576K
}
Event: 387.135 GC heap before
{Heap before GC invocations=198 (full 0):
 garbage-first heap   total 235520K, used 204604K [0x0000000080000000, 0x0000000100000000)
  region size 1024K, 55 young (56320K), 4 survivors (4096K)
 Metaspace       used 131288K, capacity 134367K, committed 134912K, reserved 1167360K
  class space    used 15867K, capacity 16937K, committed 17152K, reserved 1048576K
}
Event: 387.144 GC heap after
{Heap after GC invocations=199 (full 0):
 garbage-first heap   total 235520K, used 153845K [0x0000000080000000, 0x0000000100000000)
  region size 1024K, 4 young (4096K), 4 survivors (4096K)
 Metaspace       used 131288K, capacity 134367K, committed 134912K, reserved 1167360K
  class space    used 15867K, capacity 16937K, committed 17152K, reserved 1048576K
}
Event: 387.342 GC heap before
{Heap before GC invocations=200 (full 0):
 garbage-first heap   total 235520K, used 205045K [0x0000000080000000, 0x0000000100000000)
  region size 1024K, 55 young (56320K), 4 survivors (4096K)
 Metaspace       used 131306K, capacity 134431K, committed 134912K, reserved 1167360K
  class space    used 15869K, capacity 16937K, committed 17152K, reserved 1048576K
}
Event: 387.354 GC heap after
{Heap after GC invocations=201 (full 0):
 garbage-first heap   total 294912K, used 154900K [0x0000000080000000, 0x0000000100000000)
  region size 1024K, 4 young (4096K), 4 survivors (4096K)
 Metaspace       used 131306K, capacity 134431K, committed 134912K, reserved 1167360K
  class space    used 15869K, capacity 16937K, committed 17152K, reserved 1048576K
}
Event: 387.392 GC heap before
{Heap before GC invocations=201 (full 0):
 garbage-first heap   total 294912K, used 165140K [0x0000000080000000, 0x0000000100000000)
  region size 1024K, 14 young (14336K), 4 survivors (4096K)
 Metaspace       used 131309K, capacity 134431K, committed 134912K, reserved 1167360K
  class space    used 15869K, capacity 16937K, committed 17152K, reserved 1048576K
}
Event: 387.401 GC heap after
{Heap after GC invocations=202 (full 0):
 garbage-first heap   total 294912K, used 154775K [0x0000000080000000, 0x0000000100000000)
  region size 1024K, 2 young (2048K), 2 survivors (2048K)
 Metaspace       used 131309K, capacity 134431K, committed 134912K, reserved 1167360K
  class space    used 15869K, capacity 16937K, committed 17152K, reserved 1048576K
}
Event: 387.633 GC heap before
{Heap before GC invocations=202 (full 0):
 garbage-first heap   total 294912K, used 235671K [0x0000000080000000, 0x0000000100000000)
  region size 1024K, 81 young (82944K), 2 survivors (2048K)
 Metaspace       used 131322K, capacity 134433K, committed 134912K, reserved 1167360K
  class space    used 15869K, capacity 16937K, committed 17152K, reserved 1048576K
}
Event: 387.640 GC heap after
{Heap after GC invocations=203 (full 0):
 garbage-first heap   total 294912K, used 155872K [0x0000000080000000, 0x0000000100000000)
  region size 1024K, 3 young (3072K), 3 survivors (3072K)
 Metaspace       used 131322K, capacity 134433K, committed 134912K, reserved 1167360K
  class space    used 15869K, capacity 16937K, committed 17152K, reserved 1048576K
}
Event: 387.848 GC heap before
{Heap before GC invocations=203 (full 0):
 garbage-first heap   total 294912K, used 241888K [0x0000000080000000, 0x0000000100000000)
  region size 1024K, 87 young (89088K), 3 survivors (3072K)
 Metaspace       used 131341K, capacity 134433K, committed 134912K, reserved 1167360K
  class space    used 15870K, capacity 16937K, committed 17152K, reserved 1048576K
}
Event: 387.855 GC heap after
{Heap after GC invocations=204 (full 0):
 garbage-first heap   total 294912K, used 156744K [0x0000000080000000, 0x0000000100000000)
  region size 1024K, 4 young (4096K), 4 survivors (4096K)
 Metaspace       used 131341K, capacity 134433K, committed 134912K, reserved 1167360K
  class space    used 15870K, capacity 16937K, committed 17152K, reserved 1048576K
}
Event: 388.259 GC heap before
{Heap before GC invocations=204 (full 0):
 garbage-first heap   total 294912K, used 245832K [0x0000000080000000, 0x0000000100000000)
  region size 1024K, 91 young (93184K), 4 survivors (4096K)
 Metaspace       used 131345K, capacity 134433K, committed 134912K, reserved 1167360K
  class space    used 15870K, capacity 16937K, committed 17152K, reserved 1048576K
}
Event: 388.272 GC heap after
{Heap after GC invocations=205 (full 0):
 garbage-first heap   total 379904K, used 158079K [0x0000000080000000, 0x0000000100000000)
  region size 1024K, 5 young (5120K), 5 survivors (5120K)
 Metaspace       used 131345K, capacity 134433K, committed 134912K, reserved 1167360K
  class space    used 15870K, capacity 16937K, committed 17152K, reserved 1048576K
}
Event: 389.964 GC heap before
{Heap before GC invocations=206 (full 0):
 garbage-first heap   total 379904K, used 318847K [0x0000000080000000, 0x0000000100000000)
  region size 1024K, 162 young (165888K), 5 survivors (5120K)
 Metaspace       used 131395K, capacity 134561K, committed 135168K, reserved 1167360K
  class space    used 15870K, capacity 16937K, committed 17152K, reserved 1048576K
}
Event: 389.987 GC heap after
{Heap after GC invocations=207 (full 0):
 garbage-first heap   total 379904K, used 159262K [0x0000000080000000, 0x0000000100000000)
  region size 1024K, 6 young (6144K), 6 survivors (6144K)
 Metaspace       used 131395K, capacity 134561K, committed 135168K, reserved 1167360K
  class space    used 15870K, capacity 16937K, committed 17152K, reserved 1048576K
}
Event: 390.802 GC heap before
{Heap before GC invocations=207 (full 0):
 garbage-first heap   total 379904K, used 322078K [0x0000000080000000, 0x0000000100000000)
  region size 1024K, 165 young (168960K), 6 survivors (6144K)
 Metaspace       used 131410K, capacity 134593K, committed 135296K, reserved 1167360K
  class space    used 15872K, capacity 16969K, committed 17280K, reserved 1048576K
}
Event: 390.822 GC heap after
{Heap after GC invocations=208 (full 0):
 garbage-first heap   total 379904K, used 160983K [0x0000000080000000, 0x0000000100000000)
  region size 1024K, 8 young (8192K), 8 survivors (8192K)
 Metaspace       used 131410K, capacity 134593K, committed 135296K, reserved 1167360K
  class space    used 15872K, capacity 16969K, committed 17280K, reserved 1048576K
}
Event: 391.482 GC heap before
{Heap before GC invocations=208 (full 0):
 garbage-first heap   total 379904K, used 324823K [0x0000000080000000, 0x0000000100000000)
  region size 1024K, 168 young (172032K), 8 survivors (8192K)
 Metaspace       used 131422K, capacity 134593K, committed 135296K, reserved 1167360K
  class space    used 15872K, capacity 16969K, committed 17280K, reserved 1048576K
}
Event: 391.501 GC heap after
{Heap after GC invocations=209 (full 0):
 garbage-first heap   total 379904K, used 161717K [0x0000000080000000, 0x0000000100000000)
  region size 1024K, 8 young (8192K), 8 survivors (8192K)
 Metaspace       used 131422K, capacity 134593K, committed 135296K, reserved 1167360K
  class space    used 15872K, capacity 16969K, committed 17280K, reserved 1048576K
}
Event: 392.055 GC heap before
{Heap before GC invocations=210 (full 0):
 garbage-first heap   total 379904K, used 326581K [0x0000000080000000, 0x0000000100000000)
  region size 1024K, 170 young (174080K), 8 survivors (8192K)
 Metaspace       used 131442K, capacity 134599K, committed 135296K, reserved 1167360K
  class space    used 15874K, capacity 16971K, committed 17280K, reserved 1048576K
}

