# JRE version: OpenJDK Runtime Environment (8.0_242-b01) (build 1.8.0_242-release-1644-b01)
# Java VM: OpenJDK 64-Bit Server VM (25.242-b01 mixed mode windows-amd64 compressed oops)
Heap:
 PSYoungGen      total 183808K, used 156540K [0x00000000d5580000, 0x00000000e1b00000, 0x0000000100000000)
  eden space 172032K, 84% used [0x00000000d5580000,0x00000000de2e2680,0x00000000dfd80000)
  from space 11776K, 99% used [0x00000000dfd80000,0x00000000e08fcb70,0x00000000e0900000)
  to   space 11776K, 0% used [0x00000000e0900000,0x00000000e0900000,0x00000000e1480000)
 ParOldGen       total 54784K, used 16745K [0x0000000080000000, 0x0000000083580000, 0x00000000d5580000)
  object space 54784K, 30% used [0x0000000080000000,0x000000008105a688,0x0000000083580000)
 Metaspace       used 53751K, capacity 56424K, committed 56704K, reserved 1097728K
  class space    used 7250K, capacity 7757K, committed 7808K, reserved 1048576K
GC Heap History (10 events):
Event: 6.178 GC heap before
{Heap before GC invocations=9 (full 1):
 PSYoungGen      total 138240K, used 6166K [0x00000000d5580000, 0x00000000de580000, 0x0000000100000000)
  eden space 129024K, 0% used [0x00000000d5580000,0x00000000d5580000,0x00000000dd380000)
  from space 9216K, 66% used [0x00000000ddc80000,0x00000000de285a30,0x00000000de580000)
  to   space 9216K, 0% used [0x00000000dd380000,0x00000000dd380000,0x00000000ddc80000)
 ParOldGen       total 44032K, used 8636K [0x0000000080000000, 0x0000000082b00000, 0x00000000d5580000)
  object space 44032K, 19% used [0x0000000080000000,0x000000008086f310,0x0000000082b00000)
 Metaspace       used 20458K, capacity 21258K, committed 21296K, reserved 1067008K
  class space    used 2964K, capacity 3197K, committed 3200K, reserved 1048576K
Event: 6.255 GC heap after
Heap after GC invocations=9 (full 1):
 PSYoungGen      total 138240K, used 0K [0x00000000d5580000, 0x00000000de580000, 0x0000000100000000)
  eden space 129024K, 0% used [0x00000000d5580000,0x00000000d5580000,0x00000000dd380000)
  from space 9216K, 0% used [0x00000000ddc80000,0x00000000ddc80000,0x00000000de580000)
  to   space 9216K, 0% used [0x00000000dd380000,0x00000000dd380000,0x00000000ddc80000)
 ParOldGen       total 37376K, used 10617K [0x0000000080000000, 0x0000000082480000, 0x00000000d5580000)
  object space 37376K, 28% used [0x0000000080000000,0x0000000080a5e6c8,0x0000000082480000)
 Metaspace       used 20458K, capacity 21258K, committed 21296K, reserved 1067008K
  class space    used 2964K, capacity 3197K, committed 3200K, reserved 1048576K
}
Event: 9.352 GC heap before
{Heap before GC invocations=10 (full 1):
 PSYoungGen      total 138240K, used 129024K [0x00000000d5580000, 0x00000000de580000, 0x0000000100000000)
  eden space 129024K, 100% used [0x00000000d5580000,0x00000000dd380000,0x00000000dd380000)
  from space 9216K, 0% used [0x00000000ddc80000,0x00000000ddc80000,0x00000000de580000)
  to   space 9216K, 0% used [0x00000000dd380000,0x00000000dd380000,0x00000000ddc80000)
 ParOldGen       total 37376K, used 10617K [0x0000000080000000, 0x0000000082480000, 0x00000000d5580000)
  object space 37376K, 28% used [0x0000000080000000,0x0000000080a5e6c8,0x0000000082480000)
 Metaspace       used 32028K, capacity 33338K, committed 33536K, reserved 1077248K
  class space    used 4499K, capacity 4822K, committed 4864K, reserved 1048576K
Event: 9.386 GC heap after
Heap after GC invocations=10 (full 1):
 PSYoungGen      total 138240K, used 9195K [0x00000000d5580000, 0x00000000e1480000, 0x0000000100000000)
  eden space 129024K, 0% used [0x00000000d5580000,0x00000000d5580000,0x00000000dd380000)
  from space 9216K, 99% used [0x00000000dd380000,0x00000000ddc7adc0,0x00000000ddc80000)
  to   space 11776K, 0% used [0x00000000e0900000,0x00000000e0900000,0x00000000e1480000)
 ParOldGen       total 37376K, used 14021K [0x0000000080000000, 0x0000000082480000, 0x00000000d5580000)
  object space 37376K, 37% used [0x0000000080000000,0x0000000080db15c0,0x0000000082480000)
 Metaspace       used 32028K, capacity 33338K, committed 33536K, reserved 1077248K
  class space    used 4499K, capacity 4822K, committed 4864K, reserved 1048576K
}
Event: 9.769 GC heap before
{Heap before GC invocations=11 (full 1):
 PSYoungGen      total 138240K, used 35954K [0x00000000d5580000, 0x00000000e1480000, 0x0000000100000000)
  eden space 129024K, 20% used [0x00000000d5580000,0x00000000d6fa1cc0,0x00000000dd380000)
  from space 9216K, 99% used [0x00000000dd380000,0x00000000ddc7adc0,0x00000000ddc80000)
  to   space 11776K, 0% used [0x00000000e0900000,0x00000000e0900000,0x00000000e1480000)
 ParOldGen       total 37376K, used 14021K [0x0000000080000000, 0x0000000082480000, 0x00000000d5580000)
  object space 37376K, 37% used [0x0000000080000000,0x0000000080db15c0,0x0000000082480000)
 Metaspace       used 33978K, capacity 35356K, committed 35496K, reserved 1079296K
  class space    used 4693K, capacity 5005K, committed 5120K, reserved 1048576K
Event: 9.785 GC heap after
Heap after GC invocations=11 (full 1):
 PSYoungGen      total 183808K, used 7112K [0x00000000d5580000, 0x00000000e1b00000, 0x0000000100000000)
  eden space 172032K, 0% used [0x00000000d5580000,0x00000000d5580000,0x00000000dfd80000)
  from space 11776K, 60% used [0x00000000e0900000,0x00000000e0ff2190,0x00000000e1480000)
  to   space 11776K, 0% used [0x00000000dfd80000,0x00000000dfd80000,0x00000000e0900000)
 ParOldGen       total 37376K, used 14029K [0x0000000080000000, 0x0000000082480000, 0x00000000d5580000)
  object space 37376K, 37% used [0x0000000080000000,0x0000000080db35c0,0x0000000082480000)
 Metaspace       used 33978K, capacity 35356K, committed 35496K, reserved 1079296K
  class space    used 4693K, capacity 5005K, committed 5120K, reserved 1048576K
}
Event: 9.786 GC heap before
{Heap before GC invocations=12 (full 2):
 PSYoungGen      total 183808K, used 7112K [0x00000000d5580000, 0x00000000e1b00000, 0x0000000100000000)
  eden space 172032K, 0% used [0x00000000d5580000,0x00000000d5580000,0x00000000dfd80000)
  from space 11776K, 60% used [0x00000000e0900000,0x00000000e0ff2190,0x00000000e1480000)
  to   space 11776K, 0% used [0x00000000dfd80000,0x00000000dfd80000,0x00000000e0900000)
 ParOldGen       total 37376K, used 14029K [0x0000000080000000, 0x0000000082480000, 0x00000000d5580000)
  object space 37376K, 37% used [0x0000000080000000,0x0000000080db35c0,0x0000000082480000)
 Metaspace       used 33978K, capacity 35356K, committed 35496K, reserved 1079296K
  class space    used 4693K, capacity 5005K, committed 5120K, reserved 1048576K
Event: 9.927 GC heap after
Heap after GC invocations=12 (full 2):
 PSYoungGen      total 183808K, used 0K [0x00000000d5580000, 0x00000000e1b00000, 0x0000000100000000)
  eden space 172032K, 0% used [0x00000000d5580000,0x00000000d5580000,0x00000000dfd80000)
  from space 11776K, 0% used [0x00000000e0900000,0x00000000e0900000,0x00000000e1480000)
  to   space 11776K, 0% used [0x00000000dfd80000,0x00000000dfd80000,0x00000000e0900000)
 ParOldGen       total 54784K, used 13984K [0x0000000080000000, 0x0000000083580000, 0x00000000d5580000)
  object space 54784K, 25% used [0x0000000080000000,0x0000000080da8260,0x0000000083580000)
 Metaspace       used 33978K, capacity 35356K, committed 35496K, reserved 1079296K
  class space    used 4693K, capacity 5005K, committed 5120K, reserved 1048576K
}
Event: 15.816 GC heap before
{Heap before GC invocations=13 (full 2):
 PSYoungGen      total 183808K, used 172032K [0x00000000d5580000, 0x00000000e1b00000, 0x0000000100000000)
  eden space 172032K, 100% used [0x00000000d5580000,0x00000000dfd80000,0x00000000dfd80000)
  from space 11776K, 0% used [0x00000000e0900000,0x00000000e0900000,0x00000000e1480000)
  to   space 11776K, 0% used [0x00000000dfd80000,0x00000000dfd80000,0x00000000e0900000)
 ParOldGen       total 54784K, used 13984K [0x0000000080000000, 0x0000000083580000, 0x00000000d5580000)
  object space 54784K, 25% used [0x0000000080000000,0x0000000080da8260,0x0000000083580000)
 Metaspace       used 42958K, capacity 45174K, committed 45312K, reserved 1087488K
  class space    used 5928K, capacity 6379K, committed 6400K, reserved 1048576K
Event: 15.851 GC heap after
Heap after GC invocations=13 (full 2):
 PSYoungGen      total 183808K, used 11762K [0x00000000d5580000, 0x00000000e1b00000, 0x0000000100000000)
  eden space 172032K, 0% used [0x00000000d5580000,0x00000000d5580000,0x00000000dfd80000)
  from space 11776K, 99% used [0x00000000dfd80000,0x00000000e08fcb70,0x00000000e0900000)
  to   space 11776K, 0% used [0x00000000e0900000,0x00000000e0900000,0x00000000e1480000)
 ParOldGen       total 54784K, used 16745K [0x0000000080000000, 0x0000000083580000, 0x00000000d5580000)
  object space 54784K, 30% used [0x0000000080000000,0x000000008105a688,0x0000000083580000)
 Metaspace       used 42958K, capacity 45174K, committed 45312K, reserved 1087488K
  class space    used 5928K, capacity 6379K, committed 6400K, reserved 1048576K
}

