# JRE version: OpenJDK Runtime Environment (8.0_242-b01) (build 1.8.0_242-release-1644-b01)
# Java VM: OpenJDK 64-Bit Server VM (25.242-b01 mixed mode windows-amd64 compressed oops)
Heap:
 PSYoungGen      total 138240K, used 38479K [0x00000000d5580000, 0x00000000de580000, 0x0000000100000000)
  eden space 129024K, 29% used [0x00000000d5580000,0x00000000d7b13cc0,0x00000000dd380000)
  from space 9216K, 0% used [0x00000000ddc80000,0x00000000ddc80000,0x00000000de580000)
  to   space 9216K, 0% used [0x00000000dd380000,0x00000000dd380000,0x00000000ddc80000)
 ParOldGen       total 34816K, used 14880K [0x0000000080000000, 0x0000000082200000, 0x00000000d5580000)
  object space 34816K, 42% used [0x0000000080000000,0x0000000080e881e8,0x0000000082200000)
 Metaspace       used 36192K, capacity 37990K, committed 38144K, reserved 1081344K
  class space    used 4931K, capacity 5312K, committed 5376K, reserved 1048576K
GC Heap History (10 events):
Event: 5.667 GC heap before
{Heap before GC invocations=8 (full 0):
 PSYoungGen      total 71168K, used 36721K [0x00000000d5580000, 0x00000000de580000, 0x0000000100000000)
  eden space 64512K, 46% used [0x00000000d5580000,0x00000000d72e1540,0x00000000d9480000)
  from space 6656K, 99% used [0x00000000d9480000,0x00000000d9afb1e8,0x00000000d9b00000)
  to   space 9216K, 0% used [0x00000000ddc80000,0x00000000ddc80000,0x00000000de580000)
 ParOldGen       total 44032K, used 8147K [0x0000000080000000, 0x0000000082b00000, 0x00000000d5580000)
  object space 44032K, 18% used [0x0000000080000000,0x00000000807f4e20,0x0000000082b00000)
 Metaspace       used 20387K, capacity 21210K, committed 21296K, reserved 1067008K
  class space    used 2954K, capacity 3183K, committed 3200K, reserved 1048576K
Event: 5.677 GC heap after
Heap after GC invocations=8 (full 0):
 PSYoungGen      total 138240K, used 6227K [0x00000000d5580000, 0x00000000de580000, 0x0000000100000000)
  eden space 129024K, 0% used [0x00000000d5580000,0x00000000d5580000,0x00000000dd380000)
  from space 9216K, 67% used [0x00000000ddc80000,0x00000000de294c58,0x00000000de580000)
  to   space 9216K, 0% used [0x00000000dd380000,0x00000000dd380000,0x00000000ddc80000)
 ParOldGen       total 44032K, used 8831K [0x0000000080000000, 0x0000000082b00000, 0x00000000d5580000)
  object space 44032K, 20% used [0x0000000080000000,0x000000008089fcd0,0x0000000082b00000)
 Metaspace       used 20387K, capacity 21210K, committed 21296K, reserved 1067008K
  class space    used 2954K, capacity 3183K, committed 3200K, reserved 1048576K
}
Event: 5.677 GC heap before
{Heap before GC invocations=9 (full 1):
 PSYoungGen      total 138240K, used 6227K [0x00000000d5580000, 0x00000000de580000, 0x0000000100000000)
  eden space 129024K, 0% used [0x00000000d5580000,0x00000000d5580000,0x00000000dd380000)
  from space 9216K, 67% used [0x00000000ddc80000,0x00000000de294c58,0x00000000de580000)
  to   space 9216K, 0% used [0x00000000dd380000,0x00000000dd380000,0x00000000ddc80000)
 ParOldGen       total 44032K, used 8831K [0x0000000080000000, 0x0000000082b00000, 0x00000000d5580000)
  object space 44032K, 20% used [0x0000000080000000,0x000000008089fcd0,0x0000000082b00000)
 Metaspace       used 20387K, capacity 21210K, committed 21296K, reserved 1067008K
  class space    used 2954K, capacity 3183K, committed 3200K, reserved 1048576K
Event: 5.738 GC heap after
Heap after GC invocations=9 (full 1):
 PSYoungGen      total 138240K, used 0K [0x00000000d5580000, 0x00000000de580000, 0x0000000100000000)
  eden space 129024K, 0% used [0x00000000d5580000,0x00000000d5580000,0x00000000dd380000)
  from space 9216K, 0% used [0x00000000ddc80000,0x00000000ddc80000,0x00000000de580000)
  to   space 9216K, 0% used [0x00000000dd380000,0x00000000dd380000,0x00000000ddc80000)
 ParOldGen       total 34816K, used 9027K [0x0000000080000000, 0x0000000082200000, 0x00000000d5580000)
  object space 34816K, 25% used [0x0000000080000000,0x00000000808d0d88,0x0000000082200000)
 Metaspace       used 20387K, capacity 21210K, committed 21296K, reserved 1067008K
  class space    used 2954K, capacity 3183K, committed 3200K, reserved 1048576K
}
Event: 9.466 GC heap before
{Heap before GC invocations=10 (full 1):
 PSYoungGen      total 138240K, used 129024K [0x00000000d5580000, 0x00000000de580000, 0x0000000100000000)
  eden space 129024K, 100% used [0x00000000d5580000,0x00000000dd380000,0x00000000dd380000)
  from space 9216K, 0% used [0x00000000ddc80000,0x00000000ddc80000,0x00000000de580000)
  to   space 9216K, 0% used [0x00000000dd380000,0x00000000dd380000,0x00000000ddc80000)
 ParOldGen       total 34816K, used 9027K [0x0000000080000000, 0x0000000082200000, 0x00000000d5580000)
  object space 34816K, 25% used [0x0000000080000000,0x00000000808d0d88,0x0000000082200000)
 Metaspace       used 32168K, capacity 33566K, committed 33792K, reserved 1079296K
  class space    used 4503K, capacity 4830K, committed 4864K, reserved 1048576K
Event: 9.501 GC heap after
Heap after GC invocations=10 (full 1):
 PSYoungGen      total 138240K, used 9198K [0x00000000d5580000, 0x00000000de580000, 0x0000000100000000)
  eden space 129024K, 0% used [0x00000000d5580000,0x00000000d5580000,0x00000000dd380000)
  from space 9216K, 99% used [0x00000000dd380000,0x00000000ddc7b9d0,0x00000000ddc80000)
  to   space 9216K, 0% used [0x00000000ddc80000,0x00000000ddc80000,0x00000000de580000)
 ParOldGen       total 34816K, used 12846K [0x0000000080000000, 0x0000000082200000, 0x00000000d5580000)
  object space 34816K, 36% used [0x0000000080000000,0x0000000080c8ba78,0x0000000082200000)
 Metaspace       used 32168K, capacity 33566K, committed 33792K, reserved 1079296K
  class space    used 4503K, capacity 4830K, committed 4864K, reserved 1048576K
}
Event: 9.964 GC heap before
{Heap before GC invocations=11 (full 1):
 PSYoungGen      total 138240K, used 45049K [0x00000000d5580000, 0x00000000de580000, 0x0000000100000000)
  eden space 129024K, 27% used [0x00000000d5580000,0x00000000d7882c18,0x00000000dd380000)
  from space 9216K, 99% used [0x00000000dd380000,0x00000000ddc7b9d0,0x00000000ddc80000)
  to   space 9216K, 0% used [0x00000000ddc80000,0x00000000ddc80000,0x00000000de580000)
 ParOldGen       total 34816K, used 12846K [0x0000000080000000, 0x0000000082200000, 0x00000000d5580000)
  object space 34816K, 36% used [0x0000000080000000,0x0000000080c8ba78,0x0000000082200000)
 Metaspace       used 33949K, capacity 35464K, committed 35496K, reserved 1079296K
  class space    used 4753K, capacity 5109K, committed 5120K, reserved 1048576K
Event: 9.975 GC heap after
Heap after GC invocations=11 (full 1):
 PSYoungGen      total 138240K, used 7915K [0x00000000d5580000, 0x00000000de580000, 0x0000000100000000)
  eden space 129024K, 0% used [0x00000000d5580000,0x00000000d5580000,0x00000000dd380000)
  from space 9216K, 85% used [0x00000000ddc80000,0x00000000de43aca8,0x00000000de580000)
  to   space 9216K, 0% used [0x00000000dd380000,0x00000000dd380000,0x00000000ddc80000)
 ParOldGen       total 34816K, used 12854K [0x0000000080000000, 0x0000000082200000, 0x00000000d5580000)
  object space 34816K, 36% used [0x0000000080000000,0x0000000080c8da78,0x0000000082200000)
 Metaspace       used 33949K, capacity 35464K, committed 35496K, reserved 1079296K
  class space    used 4753K, capacity 5109K, committed 5120K, reserved 1048576K
}
Event: 9.975 GC heap before
{Heap before GC invocations=12 (full 2):
 PSYoungGen      total 138240K, used 7915K [0x00000000d5580000, 0x00000000de580000, 0x0000000100000000)
  eden space 129024K, 0% used [0x00000000d5580000,0x00000000d5580000,0x00000000dd380000)
  from space 9216K, 85% used [0x00000000ddc80000,0x00000000de43aca8,0x00000000de580000)
  to   space 9216K, 0% used [0x00000000dd380000,0x00000000dd380000,0x00000000ddc80000)
 ParOldGen       total 34816K, used 12854K [0x0000000080000000, 0x0000000082200000, 0x00000000d5580000)
  object space 34816K, 36% used [0x0000000080000000,0x0000000080c8da78,0x0000000082200000)
 Metaspace       used 33949K, capacity 35464K, committed 35496K, reserved 1079296K
  class space    used 4753K, capacity 5109K, committed 5120K, reserved 1048576K
Event: 10.049 GC heap after
Heap after GC invocations=12 (full 2):
 PSYoungGen      total 138240K, used 0K [0x00000000d5580000, 0x00000000de580000, 0x0000000100000000)
  eden space 129024K, 0% used [0x00000000d5580000,0x00000000d5580000,0x00000000dd380000)
  from space 9216K, 0% used [0x00000000ddc80000,0x00000000ddc80000,0x00000000de580000)
  to   space 9216K, 0% used [0x00000000dd380000,0x00000000dd380000,0x00000000ddc80000)
 ParOldGen       total 34816K, used 14880K [0x0000000080000000, 0x0000000082200000, 0x00000000d5580000)
  object space 34816K, 42% used [0x0000000080000000,0x0000000080e881e8,0x0000000082200000)
 Metaspace       used 33949K, capacity 35464K, committed 35496K, reserved 1079296K
  class space    used 4753K, capacity 5109K, committed 5120K, reserved 1048576K
}

