# JRE version: OpenJDK Runtime Environment (8.0_242-b01) (build 1.8.0_242-release-1644-b01)
# Java VM: OpenJDK 64-Bit Server VM (25.242-b01 mixed mode windows-amd64 compressed oops)
Heap:
 PSYoungGen      total 256512K, used 49176K [0x00000000d5580000, 0x00000000e6680000, 0x0000000100000000)
  eden space 243712K, 20% used [0x00000000d5580000,0x00000000d8586330,0x00000000e4380000)
  from space 12800K, 0% used [0x00000000e4d80000,0x00000000e4d80000,0x00000000e5a00000)
  to   space 10240K, 0% used [0x00000000e5c80000,0x00000000e5c80000,0x00000000e6680000)
 ParOldGen       total 41984K, used 34445K [0x0000000080000000, 0x0000000082900000, 0x00000000d5580000)
  object space 41984K, 82% used [0x0000000080000000,0x00000000821a37d0,0x0000000082900000)
 Metaspace       used 57827K, capacity 60648K, committed 60824K, reserved 1101824K
  class space    used 7938K, capacity 8513K, committed 8600K, reserved 1048576K
GC Heap History (10 events):
Event: 14.988 GC heap before
{Heap before GC invocations=10 (full 1):
 PSYoungGen      total 253952K, used 37258K [0x00000000d5580000, 0x00000000e6680000, 0x0000000100000000)
  eden space 243712K, 11% used [0x00000000d5580000,0x00000000d6fe5d78,0x00000000e4380000)
  from space 10240K, 99% used [0x00000000e5c80000,0x00000000e667cd20,0x00000000e6680000)
  to   space 12800K, 0% used [0x00000000e4d80000,0x00000000e4d80000,0x00000000e5a00000)
 ParOldGen       total 37376K, used 15307K [0x0000000080000000, 0x0000000082480000, 0x00000000d5580000)
  object space 37376K, 40% used [0x0000000080000000,0x0000000080ef2c20,0x0000000082480000)
 Metaspace       used 33974K, capacity 35328K, committed 35496K, reserved 1079296K
  class space    used 4694K, capacity 4999K, committed 5120K, reserved 1048576K
Event: 15.016 GC heap after
Heap after GC invocations=10 (full 1):
 PSYoungGen      total 256512K, used 6942K [0x00000000d5580000, 0x00000000e6680000, 0x0000000100000000)
  eden space 243712K, 0% used [0x00000000d5580000,0x00000000d5580000,0x00000000e4380000)
  from space 12800K, 54% used [0x00000000e4d80000,0x00000000e5447a88,0x00000000e5a00000)
  to   space 10240K, 0% used [0x00000000e5c80000,0x00000000e5c80000,0x00000000e6680000)
 ParOldGen       total 37376K, used 15315K [0x0000000080000000, 0x0000000082480000, 0x00000000d5580000)
  object space 37376K, 40% used [0x0000000080000000,0x0000000080ef4c20,0x0000000082480000)
 Metaspace       used 33974K, capacity 35328K, committed 35496K, reserved 1079296K
  class space    used 4694K, capacity 4999K, committed 5120K, reserved 1048576K
}
Event: 15.017 GC heap before
{Heap before GC invocations=11 (full 2):
 PSYoungGen      total 256512K, used 6942K [0x00000000d5580000, 0x00000000e6680000, 0x0000000100000000)
  eden space 243712K, 0% used [0x00000000d5580000,0x00000000d5580000,0x00000000e4380000)
  from space 12800K, 54% used [0x00000000e4d80000,0x00000000e5447a88,0x00000000e5a00000)
  to   space 10240K, 0% used [0x00000000e5c80000,0x00000000e5c80000,0x00000000e6680000)
 ParOldGen       total 37376K, used 15315K [0x0000000080000000, 0x0000000082480000, 0x00000000d5580000)
  object space 37376K, 40% used [0x0000000080000000,0x0000000080ef4c20,0x0000000082480000)
 Metaspace       used 33974K, capacity 35328K, committed 35496K, reserved 1079296K
  class space    used 4694K, capacity 4999K, committed 5120K, reserved 1048576K
Event: 15.265 GC heap after
Heap after GC invocations=11 (full 2):
 PSYoungGen      total 256512K, used 0K [0x00000000d5580000, 0x00000000e6680000, 0x0000000100000000)
  eden space 243712K, 0% used [0x00000000d5580000,0x00000000d5580000,0x00000000e4380000)
  from space 12800K, 0% used [0x00000000e4d80000,0x00000000e4d80000,0x00000000e5a00000)
  to   space 10240K, 0% used [0x00000000e5c80000,0x00000000e5c80000,0x00000000e6680000)
 ParOldGen       total 41984K, used 13771K [0x0000000080000000, 0x0000000082900000, 0x00000000d5580000)
  object space 41984K, 32% used [0x0000000080000000,0x0000000080d72cc0,0x0000000082900000)
 Metaspace       used 33974K, capacity 35328K, committed 35496K, reserved 1079296K
  class space    used 4694K, capacity 4999K, committed 5120K, reserved 1048576K
}
Event: 30.835 GC heap before
{Heap before GC invocations=12 (full 2):
 PSYoungGen      total 256512K, used 243712K [0x00000000d5580000, 0x00000000e6680000, 0x0000000100000000)
  eden space 243712K, 100% used [0x00000000d5580000,0x00000000e4380000,0x00000000e4380000)
  from space 12800K, 0% used [0x00000000e4d80000,0x00000000e4d80000,0x00000000e5a00000)
  to   space 10240K, 0% used [0x00000000e5c80000,0x00000000e5c80000,0x00000000e6680000)
 ParOldGen       total 41984K, used 13771K [0x0000000080000000, 0x0000000082900000, 0x00000000d5580000)
  object space 41984K, 32% used [0x0000000080000000,0x0000000080d72cc0,0x0000000082900000)
 Metaspace       used 48901K, capacity 51246K, committed 51456K, reserved 1093632K
  class space    used 6672K, capacity 7126K, committed 7168K, reserved 1048576K
Event: 30.872 GC heap after
Heap after GC invocations=12 (full 2):
 PSYoungGen      total 253952K, used 10236K [0x00000000d5580000, 0x00000000e6680000, 0x0000000100000000)
  eden space 243712K, 0% used [0x00000000d5580000,0x00000000d5580000,0x00000000e4380000)
  from space 10240K, 99% used [0x00000000e5c80000,0x00000000e667f300,0x00000000e6680000)
  to   space 12800K, 0% used [0x00000000e4d80000,0x00000000e4d80000,0x00000000e5a00000)
 ParOldGen       total 41984K, used 25712K [0x0000000080000000, 0x0000000082900000, 0x00000000d5580000)
  object space 41984K, 61% used [0x0000000080000000,0x000000008191c168,0x0000000082900000)
 Metaspace       used 48901K, capacity 51246K, committed 51456K, reserved 1093632K
  class space    used 6672K, capacity 7126K, committed 7168K, reserved 1048576K
}
Event: 35.194 GC heap before
{Heap before GC invocations=13 (full 2):
 PSYoungGen      total 253952K, used 115992K [0x00000000d5580000, 0x00000000e6680000, 0x0000000100000000)
  eden space 243712K, 43% used [0x00000000d5580000,0x00000000dbcc7068,0x00000000e4380000)
  from space 10240K, 99% used [0x00000000e5c80000,0x00000000e667f300,0x00000000e6680000)
  to   space 12800K, 0% used [0x00000000e4d80000,0x00000000e4d80000,0x00000000e5a00000)
 ParOldGen       total 41984K, used 25712K [0x0000000080000000, 0x0000000082900000, 0x00000000d5580000)
  object space 41984K, 61% used [0x0000000080000000,0x000000008191c168,0x0000000082900000)
 Metaspace       used 56245K, capacity 59042K, committed 59160K, reserved 1099776K
  class space    used 7658K, capacity 8196K, committed 8216K, reserved 1048576K
Event: 35.243 GC heap after
Heap after GC invocations=13 (full 2):
 PSYoungGen      total 256512K, used 11643K [0x00000000d5580000, 0x00000000e6680000, 0x0000000100000000)
  eden space 243712K, 0% used [0x00000000d5580000,0x00000000d5580000,0x00000000e4380000)
  from space 12800K, 90% used [0x00000000e4d80000,0x00000000e58dedc0,0x00000000e5a00000)
  to   space 10240K, 0% used [0x00000000e5c80000,0x00000000e5c80000,0x00000000e6680000)
 ParOldGen       total 41984K, used 35784K [0x0000000080000000, 0x0000000082900000, 0x00000000d5580000)
  object space 41984K, 85% used [0x0000000080000000,0x00000000822f2230,0x0000000082900000)
 Metaspace       used 56245K, capacity 59042K, committed 59160K, reserved 1099776K
  class space    used 7658K, capacity 8196K, committed 8216K, reserved 1048576K
}
Event: 35.243 GC heap before
{Heap before GC invocations=14 (full 3):
 PSYoungGen      total 256512K, used 11643K [0x00000000d5580000, 0x00000000e6680000, 0x0000000100000000)
  eden space 243712K, 0% used [0x00000000d5580000,0x00000000d5580000,0x00000000e4380000)
  from space 12800K, 90% used [0x00000000e4d80000,0x00000000e58dedc0,0x00000000e5a00000)
  to   space 10240K, 0% used [0x00000000e5c80000,0x00000000e5c80000,0x00000000e6680000)
 ParOldGen       total 41984K, used 35784K [0x0000000080000000, 0x0000000082900000, 0x00000000d5580000)
  object space 41984K, 85% used [0x0000000080000000,0x00000000822f2230,0x0000000082900000)
 Metaspace       used 56245K, capacity 59042K, committed 59160K, reserved 1099776K
  class space    used 7658K, capacity 8196K, committed 8216K, reserved 1048576K
Event: 35.676 GC heap after
Heap after GC invocations=14 (full 3):
 PSYoungGen      total 256512K, used 0K [0x00000000d5580000, 0x00000000e6680000, 0x0000000100000000)
  eden space 243712K, 0% used [0x00000000d5580000,0x00000000d5580000,0x00000000e4380000)
  from space 12800K, 0% used [0x00000000e4d80000,0x00000000e4d80000,0x00000000e5a00000)
  to   space 10240K, 0% used [0x00000000e5c80000,0x00000000e5c80000,0x00000000e6680000)
 ParOldGen       total 41984K, used 34445K [0x0000000080000000, 0x0000000082900000, 0x00000000d5580000)
  object space 41984K, 82% used [0x0000000080000000,0x00000000821a37d0,0x0000000082900000)
 Metaspace       used 56217K, capacity 58946K, committed 59160K, reserved 1099776K
  class space    used 7650K, capacity 8180K, committed 8216K, reserved 1048576K
}

