# JRE version: OpenJDK Runtime Environment (8.0_242-b01) (build 1.8.0_242-release-1644-b01)
# Java VM: OpenJDK 64-Bit Server VM (25.242-b01 mixed mode windows-amd64 compressed oops)
Heap:
 PSYoungGen      total 71168K, used 17232K [0x00000000d5580000, 0x00000000de580000, 0x0000000100000000)
  eden space 64512K, 16% used [0x00000000d5580000,0x00000000d5fd72c0,0x00000000d9480000)
  from space 6656K, 99% used [0x00000000d9480000,0x00000000d9afcd68,0x00000000d9b00000)
  to   space 9216K, 0% used [0x00000000ddc80000,0x00000000ddc80000,0x00000000de580000)
 ParOldGen       total 44032K, used 8125K [0x0000000080000000, 0x0000000082b00000, 0x00000000d5580000)
  object space 44032K, 18% used [0x0000000080000000,0x00000000807ef738,0x0000000082b00000)
 Metaspace       used 18845K, capacity 19586K, committed 19840K, reserved 1067008K
  class space    used 2679K, capacity 2893K, committed 2944K, reserved 1048576K
GC Heap History (10 events):
Event: 1.458 GC heap before
{Heap before GC invocations=3 (full 0):
 PSYoungGen      total 18944K, used 18928K [0x00000000d5580000, 0x00000000d7a80000, 0x0000000100000000)
  eden space 16384K, 100% used [0x00000000d5580000,0x00000000d6580000,0x00000000d6580000)
  from space 2560K, 99% used [0x00000000d6800000,0x00000000d6a7c010,0x00000000d6a80000)
  to   space 2560K, 0% used [0x00000000d6580000,0x00000000d6580000,0x00000000d6800000)
 ParOldGen       total 44032K, used 1174K [0x0000000080000000, 0x0000000082b00000, 0x00000000d5580000)
  object space 44032K, 2% used [0x0000000080000000,0x0000000080125a28,0x0000000082b00000)
 Metaspace       used 7746K, capacity 7996K, committed 8320K, reserved 1056768K
  class space    used 949K, capacity 1052K, committed 1152K, reserved 1048576K
Event: 1.462 GC heap after
Heap after GC invocations=3 (full 0):
 PSYoungGen      total 18944K, used 2551K [0x00000000d5580000, 0x00000000d7a80000, 0x0000000100000000)
  eden space 16384K, 0% used [0x00000000d5580000,0x00000000d5580000,0x00000000d6580000)
  from space 2560K, 99% used [0x00000000d6580000,0x00000000d67fdc50,0x00000000d6800000)
  to   space 2560K, 0% used [0x00000000d7800000,0x00000000d7800000,0x00000000d7a80000)
 ParOldGen       total 44032K, used 1868K [0x0000000080000000, 0x0000000082b00000, 0x00000000d5580000)
  object space 44032K, 4% used [0x0000000080000000,0x00000000801d3000,0x0000000082b00000)
 Metaspace       used 7746K, capacity 7996K, committed 8320K, reserved 1056768K
  class space    used 949K, capacity 1052K, committed 1152K, reserved 1048576K
}
Event: 1.670 GC heap before
{Heap before GC invocations=4 (full 0):
 PSYoungGen      total 18944K, used 18935K [0x00000000d5580000, 0x00000000d7a80000, 0x0000000100000000)
  eden space 16384K, 100% used [0x00000000d5580000,0x00000000d6580000,0x00000000d6580000)
  from space 2560K, 99% used [0x00000000d6580000,0x00000000d67fdc50,0x00000000d6800000)
  to   space 2560K, 0% used [0x00000000d7800000,0x00000000d7800000,0x00000000d7a80000)
 ParOldGen       total 44032K, used 1868K [0x0000000080000000, 0x0000000082b00000, 0x00000000d5580000)
  object space 44032K, 4% used [0x0000000080000000,0x00000000801d3000,0x0000000082b00000)
 Metaspace       used 7825K, capacity 8124K, committed 8320K, reserved 1056768K
  class space    used 957K, capacity 1052K, committed 1152K, reserved 1048576K
Event: 1.674 GC heap after
Heap after GC invocations=4 (full 0):
 PSYoungGen      total 35328K, used 2532K [0x00000000d5580000, 0x00000000d7a80000, 0x0000000100000000)
  eden space 32768K, 0% used [0x00000000d5580000,0x00000000d5580000,0x00000000d7580000)
  from space 2560K, 98% used [0x00000000d7800000,0x00000000d7a792f0,0x00000000d7a80000)
  to   space 2560K, 0% used [0x00000000d7580000,0x00000000d7580000,0x00000000d7800000)
 ParOldGen       total 44032K, used 2476K [0x0000000080000000, 0x0000000082b00000, 0x00000000d5580000)
  object space 44032K, 5% used [0x0000000080000000,0x000000008026b1a0,0x0000000082b00000)
 Metaspace       used 7825K, capacity 8124K, committed 8320K, reserved 1056768K
  class space    used 957K, capacity 1052K, committed 1152K, reserved 1048576K
}
Event: 2.082 GC heap before
{Heap before GC invocations=5 (full 0):
 PSYoungGen      total 35328K, used 35300K [0x00000000d5580000, 0x00000000d7a80000, 0x0000000100000000)
  eden space 32768K, 100% used [0x00000000d5580000,0x00000000d7580000,0x00000000d7580000)
  from space 2560K, 98% used [0x00000000d7800000,0x00000000d7a792f0,0x00000000d7a80000)
  to   space 2560K, 0% used [0x00000000d7580000,0x00000000d7580000,0x00000000d7800000)
 ParOldGen       total 44032K, used 2476K [0x0000000080000000, 0x0000000082b00000, 0x00000000d5580000)
  object space 44032K, 5% used [0x0000000080000000,0x000000008026b1a0,0x0000000082b00000)
 Metaspace       used 9946K, capacity 10260K, committed 10496K, reserved 1058816K
  class space    used 1311K, capacity 1420K, committed 1536K, reserved 1048576K
Event: 2.091 GC heap after
Heap after GC invocations=5 (full 0):
 PSYoungGen      total 35328K, used 2551K [0x00000000d5580000, 0x00000000da080000, 0x0000000100000000)
  eden space 32768K, 0% used [0x00000000d5580000,0x00000000d5580000,0x00000000d7580000)
  from space 2560K, 99% used [0x00000000d7580000,0x00000000d77fdc50,0x00000000d7800000)
  to   space 5632K, 0% used [0x00000000d9b00000,0x00000000d9b00000,0x00000000da080000)
 ParOldGen       total 44032K, used 5115K [0x0000000080000000, 0x0000000082b00000, 0x00000000d5580000)
  object space 44032K, 11% used [0x0000000080000000,0x00000000804fef78,0x0000000082b00000)
 Metaspace       used 9946K, capacity 10260K, committed 10496K, reserved 1058816K
  class space    used 1311K, capacity 1420K, committed 1536K, reserved 1048576K
}
Event: 3.503 GC heap before
{Heap before GC invocations=6 (full 0):
 PSYoungGen      total 35328K, used 35319K [0x00000000d5580000, 0x00000000da080000, 0x0000000100000000)
  eden space 32768K, 100% used [0x00000000d5580000,0x00000000d7580000,0x00000000d7580000)
  from space 2560K, 99% used [0x00000000d7580000,0x00000000d77fdc50,0x00000000d7800000)
  to   space 5632K, 0% used [0x00000000d9b00000,0x00000000d9b00000,0x00000000da080000)
 ParOldGen       total 44032K, used 5115K [0x0000000080000000, 0x0000000082b00000, 0x00000000d5580000)
  object space 44032K, 11% used [0x0000000080000000,0x00000000804fef78,0x0000000082b00000)
 Metaspace       used 14074K, capacity 14628K, committed 14976K, reserved 1062912K
  class space    used 1915K, capacity 2070K, committed 2176K, reserved 1048576K
Event: 3.512 GC heap after
Heap after GC invocations=6 (full 0):
 PSYoungGen      total 70144K, used 5604K [0x00000000d5580000, 0x00000000da280000, 0x0000000100000000)
  eden space 64512K, 0% used [0x00000000d5580000,0x00000000d5580000,0x00000000d9480000)
  from space 5632K, 99% used [0x00000000d9b00000,0x00000000da079108,0x00000000da080000)
  to   space 6656K, 0% used [0x00000000d9480000,0x00000000d9480000,0x00000000d9b00000)
 ParOldGen       total 44032K, used 5734K [0x0000000080000000, 0x0000000082b00000, 0x00000000d5580000)
  object space 44032K, 13% used [0x0000000080000000,0x0000000080599958,0x0000000082b00000)
 Metaspace       used 14074K, capacity 14628K, committed 14976K, reserved 1062912K
  class space    used 1915K, capacity 2070K, committed 2176K, reserved 1048576K
}
Event: 4.420 GC heap before
{Heap before GC invocations=7 (full 0):
 PSYoungGen      total 70144K, used 70116K [0x00000000d5580000, 0x00000000da280000, 0x0000000100000000)
  eden space 64512K, 100% used [0x00000000d5580000,0x00000000d9480000,0x00000000d9480000)
  from space 5632K, 99% used [0x00000000d9b00000,0x00000000da079108,0x00000000da080000)
  to   space 6656K, 0% used [0x00000000d9480000,0x00000000d9480000,0x00000000d9b00000)
 ParOldGen       total 44032K, used 5734K [0x0000000080000000, 0x0000000082b00000, 0x00000000d5580000)
  object space 44032K, 13% used [0x0000000080000000,0x0000000080599958,0x0000000082b00000)
 Metaspace       used 18349K, capacity 19072K, committed 19328K, reserved 1064960K
  class space    used 2595K, capacity 2828K, committed 2944K, reserved 1048576K
Event: 4.445 GC heap after
Heap after GC invocations=7 (full 0):
 PSYoungGen      total 71168K, used 6643K [0x00000000d5580000, 0x00000000de580000, 0x0000000100000000)
  eden space 64512K, 0% used [0x00000000d5580000,0x00000000d5580000,0x00000000d9480000)
  from space 6656K, 99% used [0x00000000d9480000,0x00000000d9afcd68,0x00000000d9b00000)
  to   space 9216K, 0% used [0x00000000ddc80000,0x00000000ddc80000,0x00000000de580000)
 ParOldGen       total 44032K, used 8125K [0x0000000080000000, 0x0000000082b00000, 0x00000000d5580000)
  object space 44032K, 18% used [0x0000000080000000,0x00000000807ef738,0x0000000082b00000)
 Metaspace       used 18349K, capacity 19072K, committed 19328K, reserved 1064960K
  class space    used 2595K, capacity 2828K, committed 2944K, reserved 1048576K
}

