# JRE version: OpenJDK Runtime Environment (11.0.8+10) (build 11.0.8+10-b944.6842174)
# Java VM: OpenJDK 64-Bit Server VM (11.0.8+10-b944.6842174, mixed mode, tiered, compressed oops, g1 gc, windows-amd64)
Heap:
 garbage-first heap   total 618496K, used 325248K [0x0000000080000000, 0x0000000100000000)
  region size 1024K, 4 young (4096K), 4 survivors (4096K)
 Metaspace       used 128871K, capacity 132521K, committed 132736K, reserved 1165312K
  class space    used 15848K, capacity 17154K, committed 17280K, reserved 1048576K
GC Heap History (20 events):
Event: 251.695 GC heap after
{Heap after GC invocations=118 (full 0):
 garbage-first heap   total 354304K, used 136960K [0x0000000080000000, 0x0000000100000000)
  region size 1024K, 6 young (6144K), 6 survivors (6144K)
 Metaspace       used 126868K, capacity 130424K, committed 130688K, reserved 1163264K
  class space    used 15642K, capacity 16921K, committed 17024K, reserved 1048576K
}
Event: 254.528 GC heap before
{Heap before GC invocations=119 (full 0):
 garbage-first heap   total 354304K, used 228096K [0x0000000080000000, 0x0000000100000000)
  region size 1024K, 96 young (98304K), 6 survivors (6144K)
 Metaspace       used 127224K, capacity 130813K, committed 130944K, reserved 1163264K
  class space    used 15682K, capacity 16975K, committed 17024K, reserved 1048576K
}
Event: 254.543 GC heap after
{Heap after GC invocations=120 (full 0):
 garbage-first heap   total 354304K, used 134109K [0x0000000080000000, 0x0000000100000000)
  region size 1024K, 3 young (3072K), 3 survivors (3072K)
 Metaspace       used 127224K, capacity 130813K, committed 130944K, reserved 1163264K
  class space    used 15682K, capacity 16975K, committed 17024K, reserved 1048576K
}
Event: 259.113 GC heap before
{Heap before GC invocations=121 (full 0):
 garbage-first heap   total 354304K, used 337885K [0x0000000080000000, 0x0000000100000000)
  region size 1024K, 157 young (160768K), 3 survivors (3072K)
 Metaspace       used 128735K, capacity 132459K, committed 132736K, reserved 1165312K
  class space    used 15849K, capacity 17158K, committed 17280K, reserved 1048576K
}
Event: 259.257 GC heap after
{Heap after GC invocations=122 (full 0):
 garbage-first heap   total 402432K, used 226403K [0x0000000080000000, 0x0000000100000000)
  region size 1024K, 20 young (20480K), 20 survivors (20480K)
 Metaspace       used 128735K, capacity 132459K, committed 132736K, reserved 1165312K
  class space    used 15849K, capacity 17158K, committed 17280K, reserved 1048576K
}
Event: 259.293 GC heap before
{Heap before GC invocations=122 (full 0):
 garbage-first heap   total 402432K, used 227427K [0x0000000080000000, 0x0000000100000000)
  region size 1024K, 21 young (21504K), 20 survivors (20480K)
 Metaspace       used 128735K, capacity 132459K, committed 132736K, reserved 1165312K
  class space    used 15849K, capacity 17158K, committed 17280K, reserved 1048576K
}
Event: 259.365 GC heap after
{Heap after GC invocations=123 (full 0):
 garbage-first heap   total 402432K, used 228352K [0x0000000080000000, 0x0000000100000000)
  region size 1024K, 1 young (1024K), 1 survivors (1024K)
 Metaspace       used 128735K, capacity 132459K, committed 132736K, reserved 1165312K
  class space    used 15849K, capacity 17158K, committed 17280K, reserved 1048576K
}
Event: 259.932 GC heap before
{Heap before GC invocations=123 (full 0):
 garbage-first heap   total 402432K, used 316416K [0x0000000080000000, 0x0000000100000000)
  region size 1024K, 87 young (89088K), 1 survivors (1024K)
 Metaspace       used 128768K, capacity 132460K, committed 132736K, reserved 1165312K
  class space    used 15849K, capacity 17158K, committed 17280K, reserved 1048576K
}
Event: 260.012 GC heap after
{Heap after GC invocations=124 (full 0):
 garbage-first heap   total 402432K, used 276480K [0x0000000080000000, 0x0000000100000000)
  region size 1024K, 11 young (11264K), 11 survivors (11264K)
 Metaspace       used 128768K, capacity 132460K, committed 132736K, reserved 1165312K
  class space    used 15849K, capacity 17158K, committed 17280K, reserved 1048576K
}
Event: 260.263 GC heap before
{Heap before GC invocations=124 (full 0):
 garbage-first heap   total 402432K, used 321536K [0x0000000080000000, 0x0000000100000000)
  region size 1024K, 55 young (56320K), 11 survivors (11264K)
 Metaspace       used 128813K, capacity 132465K, committed 132736K, reserved 1165312K
  class space    used 15851K, capacity 17159K, committed 17280K, reserved 1048576K
}
Event: 260.342 GC heap after
{Heap after GC invocations=125 (full 0):
 garbage-first heap   total 402432K, used 298496K [0x0000000080000000, 0x0000000100000000)
  region size 1024K, 7 young (7168K), 7 survivors (7168K)
 Metaspace       used 128813K, capacity 132465K, committed 132736K, reserved 1165312K
  class space    used 15851K, capacity 17159K, committed 17280K, reserved 1048576K
}
Event: 260.553 GC heap before
{Heap before GC invocations=125 (full 0):
 garbage-first heap   total 402432K, used 328192K [0x0000000080000000, 0x0000000100000000)
  region size 1024K, 37 young (37888K), 7 survivors (7168K)
 Metaspace       used 128831K, capacity 132467K, committed 132736K, reserved 1165312K
  class space    used 15851K, capacity 17159K, committed 17280K, reserved 1048576K
}
Event: 260.619 GC heap after
{Heap after GC invocations=126 (full 0):
 garbage-first heap   total 525312K, used 306688K [0x0000000080000000, 0x0000000100000000)
  region size 1024K, 5 young (5120K), 5 survivors (5120K)
 Metaspace       used 128831K, capacity 132467K, committed 132736K, reserved 1165312K
  class space    used 15851K, capacity 17159K, committed 17280K, reserved 1048576K
}
Event: 261.749 GC heap before
{Heap before GC invocations=126 (full 0):
 garbage-first heap   total 525312K, used 377344K [0x0000000080000000, 0x0000000100000000)
  region size 1024K, 73 young (74752K), 5 survivors (5120K)
 Metaspace       used 128863K, capacity 132532K, committed 132736K, reserved 1165312K
  class space    used 15851K, capacity 17159K, committed 17280K, reserved 1048576K
}
Event: 261.807 GC heap after
{Heap after GC invocations=127 (full 0):
 garbage-first heap   total 525312K, used 317952K [0x0000000080000000, 0x0000000100000000)
  region size 1024K, 10 young (10240K), 10 survivors (10240K)
 Metaspace       used 128863K, capacity 132532K, committed 132736K, reserved 1165312K
  class space    used 15851K, capacity 17159K, committed 17280K, reserved 1048576K
}
Event: 262.713 GC heap before
{Heap before GC invocations=128 (full 0):
 garbage-first heap   total 525312K, used 381440K [0x0000000080000000, 0x0000000100000000)
  region size 1024K, 80 young (81920K), 10 survivors (10240K)
 Metaspace       used 128853K, capacity 132500K, committed 132736K, reserved 1165312K
  class space    used 15844K, capacity 17147K, committed 17280K, reserved 1048576K
}
Event: 262.849 GC heap after
{Heap after GC invocations=129 (full 0):
 garbage-first heap   total 525312K, used 320391K [0x0000000080000000, 0x0000000100000000)
  region size 1024K, 10 young (10240K), 10 survivors (10240K)
 Metaspace       used 128853K, capacity 132500K, committed 132736K, reserved 1165312K
  class space    used 15844K, capacity 17147K, committed 17280K, reserved 1048576K
}
Event: 263.605 GC heap before
{Heap before GC invocations=129 (full 0):
 garbage-first heap   total 525312K, used 343943K [0x0000000080000000, 0x0000000100000000)
  region size 1024K, 25 young (25600K), 10 survivors (10240K)
 Metaspace       used 128858K, capacity 132500K, committed 132736K, reserved 1165312K
  class space    used 15844K, capacity 17147K, committed 17280K, reserved 1048576K
}
Event: 263.680 GC heap after
{Heap after GC invocations=130 (full 0):
 garbage-first heap   total 525312K, used 317060K [0x0000000080000000, 0x0000000100000000)
  region size 1024K, 4 young (4096K), 4 survivors (4096K)
 Metaspace       used 128858K, capacity 132500K, committed 132736K, reserved 1165312K
  class space    used 15844K, capacity 17147K, committed 17280K, reserved 1048576K
}
Event: 263.925 GC heap before
{Heap before GC invocations=130 (full 0):
 garbage-first heap   total 525312K, used 342660K [0x0000000080000000, 0x0000000100000000)
  region size 1024K, 25 young (25600K), 4 survivors (4096K)
 Metaspace       used 128871K, capacity 132521K, committed 132736K, reserved 1165312K
  class space    used 15848K, capacity 17154K, committed 17280K, reserved 1048576K
}

