# JRE version: OpenJDK Runtime Environment (11.0.8+10) (build 11.0.8+10-b944.6842174)
# Java VM: OpenJDK 64-Bit Server VM (11.0.8+10-b944.6842174, mixed mode, tiered, compressed oops, g1 gc, windows-amd64)
Heap:
 garbage-first heap   total 65536K, used 41194K [0x0000000080000000, 0x0000000100000000)
  region size 1024K, 18 young (18432K), 2 survivors (2048K)
 Metaspace       used 40672K, capacity 41653K, committed 41728K, reserved 1085440K
  class space    used 5261K, capacity 5613K, committed 5632K, reserved 1048576K
GC Heap History (20 events):
Event: 7.214 GC heap before
{Heap before GC invocations=4 (full 0):
 garbage-first heap   total 65536K, used 34273K [0x0000000080000000, 0x0000000100000000)
  region size 1024K, 25 young (25600K), 3 survivors (3072K)
 Metaspace       used 13939K, capacity 14243K, committed 14592K, reserved 1062912K
  class space    used 1566K, capacity 1686K, committed 1792K, reserved 1048576K
}
Event: 7.237 GC heap after
{Heap after GC invocations=5 (full 0):
 garbage-first heap   total 65536K, used 14686K [0x0000000080000000, 0x0000000100000000)
  region size 1024K, 4 young (4096K), 4 survivors (4096K)
 Metaspace       used 13939K, capacity 14243K, committed 14592K, reserved 1062912K
  class space    used 1566K, capacity 1686K, committed 1792K, reserved 1048576K
}
Event: 13.116 GC heap before
{Heap before GC invocations=5 (full 0):
 garbage-first heap   total 65536K, used 37214K [0x0000000080000000, 0x0000000100000000)
  region size 1024K, 26 young (26624K), 4 survivors (4096K)
 Metaspace       used 18792K, capacity 19183K, committed 19328K, reserved 1067008K
  class space    used 2253K, capacity 2405K, committed 2432K, reserved 1048576K
}
Event: 13.129 GC heap after
{Heap after GC invocations=6 (full 0):
 garbage-first heap   total 65536K, used 16617K [0x0000000080000000, 0x0000000100000000)
  region size 1024K, 2 young (2048K), 2 survivors (2048K)
 Metaspace       used 18792K, capacity 19183K, committed 19328K, reserved 1067008K
  class space    used 2253K, capacity 2405K, committed 2432K, reserved 1048576K
}
Event: 15.895 GC heap before
{Heap before GC invocations=6 (full 0):
 garbage-first heap   total 65536K, used 30953K [0x0000000080000000, 0x0000000100000000)
  region size 1024K, 17 young (17408K), 2 survivors (2048K)
 Metaspace       used 20601K, capacity 21108K, committed 21248K, reserved 1067008K
  class space    used 2509K, capacity 2690K, committed 2816K, reserved 1048576K
}
Event: 15.905 GC heap after
{Heap after GC invocations=7 (full 0):
 garbage-first heap   total 65536K, used 16910K [0x0000000080000000, 0x0000000100000000)
  region size 1024K, 2 young (2048K), 2 survivors (2048K)
 Metaspace       used 20601K, capacity 21108K, committed 21248K, reserved 1067008K
  class space    used 2509K, capacity 2690K, committed 2816K, reserved 1048576K
}
Event: 19.446 GC heap before
{Heap before GC invocations=8 (full 0):
 garbage-first heap   total 65536K, used 39438K [0x0000000080000000, 0x0000000100000000)
  region size 1024K, 25 young (25600K), 2 survivors (2048K)
 Metaspace       used 22902K, capacity 23509K, committed 23680K, reserved 1069056K
  class space    used 2910K, capacity 3110K, committed 3200K, reserved 1048576K
}
Event: 19.463 GC heap after
{Heap after GC invocations=9 (full 0):
 garbage-first heap   total 65536K, used 17664K [0x0000000080000000, 0x0000000100000000)
  region size 1024K, 3 young (3072K), 3 survivors (3072K)
 Metaspace       used 22902K, capacity 23509K, committed 23680K, reserved 1069056K
  class space    used 2910K, capacity 3110K, committed 3200K, reserved 1048576K
}
Event: 23.521 GC heap before
{Heap before GC invocations=9 (full 0):
 garbage-first heap   total 65536K, used 41216K [0x0000000080000000, 0x0000000100000000)
  region size 1024K, 26 young (26624K), 3 survivors (3072K)
 Metaspace       used 25652K, capacity 26222K, committed 26368K, reserved 1073152K
  class space    used 3344K, capacity 3569K, committed 3584K, reserved 1048576K
}
Event: 23.544 GC heap after
{Heap after GC invocations=10 (full 0):
 garbage-first heap   total 65536K, used 18594K [0x0000000080000000, 0x0000000100000000)
  region size 1024K, 3 young (3072K), 3 survivors (3072K)
 Metaspace       used 25652K, capacity 26222K, committed 26368K, reserved 1073152K
  class space    used 3344K, capacity 3569K, committed 3584K, reserved 1048576K
}
Event: 26.160 GC heap before
{Heap before GC invocations=10 (full 0):
 garbage-first heap   total 65536K, used 43170K [0x0000000080000000, 0x0000000100000000)
  region size 1024K, 27 young (27648K), 3 survivors (3072K)
 Metaspace       used 27894K, capacity 28548K, committed 28800K, reserved 1075200K
  class space    used 3698K, capacity 3961K, committed 3968K, reserved 1048576K
}
Event: 26.179 GC heap after
{Heap after GC invocations=11 (full 0):
 garbage-first heap   total 65536K, used 19576K [0x0000000080000000, 0x0000000100000000)
  region size 1024K, 3 young (3072K), 3 survivors (3072K)
 Metaspace       used 27894K, capacity 28548K, committed 28800K, reserved 1075200K
  class space    used 3698K, capacity 3961K, committed 3968K, reserved 1048576K
}
Event: 29.386 GC heap before
{Heap before GC invocations=11 (full 0):
 garbage-first heap   total 65536K, used 45176K [0x0000000080000000, 0x0000000100000000)
  region size 1024K, 28 young (28672K), 3 survivors (3072K)
 Metaspace       used 31477K, capacity 32217K, committed 32384K, reserved 1077248K
  class space    used 4169K, capacity 4440K, committed 4480K, reserved 1048576K
}
Event: 29.401 GC heap after
{Heap after GC invocations=12 (full 0):
 garbage-first heap   total 65536K, used 21039K [0x0000000080000000, 0x0000000100000000)
  region size 1024K, 4 young (4096K), 4 survivors (4096K)
 Metaspace       used 31477K, capacity 32217K, committed 32384K, reserved 1077248K
  class space    used 4169K, capacity 4440K, committed 4480K, reserved 1048576K
}
Event: 31.725 GC heap before
{Heap before GC invocations=12 (full 0):
 garbage-first heap   total 65536K, used 30255K [0x0000000080000000, 0x0000000100000000)
  region size 1024K, 15 young (15360K), 4 survivors (4096K)
 Metaspace       used 35004K, capacity 35783K, committed 35840K, reserved 1081344K
  class space    used 4545K, capacity 4863K, committed 4864K, reserved 1048576K
}
Event: 31.763 GC heap after
{Heap after GC invocations=13 (full 0):
 garbage-first heap   total 65536K, used 23358K [0x0000000080000000, 0x0000000100000000)
  region size 1024K, 4 young (4096K), 4 survivors (4096K)
 Metaspace       used 35004K, capacity 35783K, committed 35840K, reserved 1081344K
  class space    used 4545K, capacity 4863K, committed 4864K, reserved 1048576K
}
Event: 33.320 GC heap before
{Heap before GC invocations=14 (full 0):
 garbage-first heap   total 65536K, used 46910K [0x0000000080000000, 0x0000000100000000)
  region size 1024K, 28 young (28672K), 4 survivors (4096K)
 Metaspace       used 36347K, capacity 37173K, committed 37248K, reserved 1081344K
  class space    used 4687K, capacity 4960K, committed 4992K, reserved 1048576K
}
Event: 33.334 GC heap after
{Heap after GC invocations=15 (full 0):
 garbage-first heap   total 65536K, used 24632K [0x0000000080000000, 0x0000000100000000)
  region size 1024K, 4 young (4096K), 4 survivors (4096K)
 Metaspace       used 36347K, capacity 37173K, committed 37248K, reserved 1081344K
  class space    used 4687K, capacity 4960K, committed 4992K, reserved 1048576K
}
Event: 38.613 GC heap before
{Heap before GC invocations=15 (full 0):
 garbage-first heap   total 65536K, used 51256K [0x0000000080000000, 0x0000000100000000)
  region size 1024K, 27 young (27648K), 4 survivors (4096K)
 Metaspace       used 39219K, capacity 40124K, committed 40192K, reserved 1083392K
  class space    used 5025K, capacity 5365K, committed 5376K, reserved 1048576K
}
Event: 38.625 GC heap after
{Heap after GC invocations=16 (full 0):
 garbage-first heap   total 65536K, used 25834K [0x0000000080000000, 0x0000000100000000)
  region size 1024K, 2 young (2048K), 2 survivors (2048K)
 Metaspace       used 39219K, capacity 40124K, committed 40192K, reserved 1083392K
  class space    used 5025K, capacity 5365K, committed 5376K, reserved 1048576K
}

