# JRE version: OpenJDK Runtime Environment (11.0.8+10) (build 11.0.8+10-b944.6842174)
# Java VM: OpenJDK 64-Bit Server VM (11.0.8+10-b944.6842174, mixed mode, tiered, compressed oops, g1 gc, windows-amd64)
Heap:
 garbage-first heap   total 95232K, used 64105K [0x0000000080000000, 0x0000000100000000)
  region size 1024K, 22 young (22528K), 4 survivors (4096K)
 Metaspace       used 61213K, capacity 62745K, committed 62848K, reserved 1103872K
  class space    used 7748K, capacity 8307K, committed 8320K, reserved 1048576K
GC Heap History (20 events):
Event: 12.210 GC heap before
{Heap before GC invocations=11 (full 0):
 garbage-first heap   total 65536K, used 23946K [0x0000000080000000, 0x0000000100000000)
  region size 1024K, 8 young (8192K), 4 survivors (4096K)
 Metaspace       used 34948K, capacity 35747K, committed 35840K, reserved 1081344K
  class space    used 4533K, capacity 4831K, committed 4864K, reserved 1048576K
}
Event: 12.226 GC heap after
{Heap after GC invocations=12 (full 0):
 garbage-first heap   total 65536K, used 23183K [0x0000000080000000, 0x0000000100000000)
  region size 1024K, 2 young (2048K), 2 survivors (2048K)
 Metaspace       used 34948K, capacity 35747K, committed 35840K, reserved 1081344K
  class space    used 4533K, capacity 4831K, committed 4864K, reserved 1048576K
}
Event: 13.273 GC heap before
{Heap before GC invocations=13 (full 0):
 garbage-first heap   total 65536K, used 47759K [0x0000000080000000, 0x0000000100000000)
  region size 1024K, 27 young (27648K), 2 survivors (2048K)
 Metaspace       used 36386K, capacity 37291K, committed 37632K, reserved 1081344K
  class space    used 4699K, capacity 5001K, committed 5120K, reserved 1048576K
}
Event: 13.278 GC heap after
{Heap after GC invocations=14 (full 0):
 garbage-first heap   total 78848K, used 24493K [0x0000000080000000, 0x0000000100000000)
  region size 1024K, 3 young (3072K), 3 survivors (3072K)
 Metaspace       used 36386K, capacity 37291K, committed 37632K, reserved 1081344K
  class space    used 4699K, capacity 5001K, committed 5120K, reserved 1048576K
}
Event: 14.659 GC heap before
{Heap before GC invocations=14 (full 0):
 garbage-first heap   total 78848K, used 60333K [0x0000000080000000, 0x0000000100000000)
  region size 1024K, 35 young (35840K), 3 survivors (3072K)
 Metaspace       used 40004K, capacity 40953K, committed 41216K, reserved 1085440K
  class space    used 5162K, capacity 5510K, committed 5632K, reserved 1048576K
}
Event: 14.671 GC heap after
{Heap after GC invocations=15 (full 0):
 garbage-first heap   total 78848K, used 25899K [0x0000000080000000, 0x0000000100000000)
  region size 1024K, 4 young (4096K), 4 survivors (4096K)
 Metaspace       used 40004K, capacity 40953K, committed 41216K, reserved 1085440K
  class space    used 5162K, capacity 5510K, committed 5632K, reserved 1048576K
}
Event: 15.704 GC heap before
{Heap before GC invocations=15 (full 0):
 garbage-first heap   total 78848K, used 61739K [0x0000000080000000, 0x0000000100000000)
  region size 1024K, 38 young (38912K), 4 survivors (4096K)
 Metaspace       used 42976K, capacity 44011K, committed 44288K, reserved 1087488K
  class space    used 5482K, capacity 5847K, committed 5888K, reserved 1048576K
}
Event: 15.722 GC heap after
{Heap after GC invocations=16 (full 0):
 garbage-first heap   total 78848K, used 27637K [0x0000000080000000, 0x0000000100000000)
  region size 1024K, 4 young (4096K), 4 survivors (4096K)
 Metaspace       used 42976K, capacity 44011K, committed 44288K, reserved 1087488K
  class space    used 5482K, capacity 5847K, committed 5888K, reserved 1048576K
}
Event: 17.206 GC heap before
{Heap before GC invocations=16 (full 0):
 garbage-first heap   total 78848K, used 61429K [0x0000000080000000, 0x0000000100000000)
  region size 1024K, 37 young (37888K), 4 survivors (4096K)
 Metaspace       used 45632K, capacity 46777K, committed 46976K, reserved 1089536K
  class space    used 5862K, capacity 6260K, committed 6272K, reserved 1048576K
}
Event: 17.218 GC heap after
{Heap after GC invocations=17 (full 0):
 garbage-first heap   total 78848K, used 28984K [0x0000000080000000, 0x0000000100000000)
  region size 1024K, 4 young (4096K), 4 survivors (4096K)
 Metaspace       used 45632K, capacity 46777K, committed 46976K, reserved 1089536K
  class space    used 5862K, capacity 6260K, committed 6272K, reserved 1048576K
}
Event: 28.115 GC heap before
{Heap before GC invocations=17 (full 0):
 garbage-first heap   total 78848K, used 63800K [0x0000000080000000, 0x0000000100000000)
  region size 1024K, 36 young (36864K), 4 survivors (4096K)
 Metaspace       used 46797K, capacity 47996K, committed 48256K, reserved 1091584K
  class space    used 5977K, capacity 6403K, committed 6528K, reserved 1048576K
}
Event: 28.153 GC heap after
{Heap after GC invocations=18 (full 0):
 garbage-first heap   total 78848K, used 40445K [0x0000000080000000, 0x0000000100000000)
  region size 1024K, 5 young (5120K), 5 survivors (5120K)
 Metaspace       used 46797K, capacity 47996K, committed 48256K, reserved 1091584K
  class space    used 5977K, capacity 6403K, committed 6528K, reserved 1048576K
}
Event: 29.198 GC heap before
{Heap before GC invocations=18 (full 0):
 garbage-first heap   total 78848K, used 60925K [0x0000000080000000, 0x0000000100000000)
  region size 1024K, 25 young (25600K), 5 survivors (5120K)
 Metaspace       used 48090K, capacity 49456K, committed 49664K, reserved 1091584K
  class space    used 6158K, capacity 6642K, committed 6656K, reserved 1048576K
}
Event: 29.224 GC heap after
{Heap after GC invocations=19 (full 0):
 garbage-first heap   total 95232K, used 42113K [0x0000000080000000, 0x0000000100000000)
  region size 1024K, 2 young (2048K), 2 survivors (2048K)
 Metaspace       used 48090K, capacity 49456K, committed 49664K, reserved 1091584K
  class space    used 6158K, capacity 6642K, committed 6656K, reserved 1048576K
}
Event: 30.785 GC heap before
{Heap before GC invocations=20 (full 0):
 garbage-first heap   total 95232K, used 67713K [0x0000000080000000, 0x0000000100000000)
  region size 1024K, 28 young (28672K), 2 survivors (2048K)
 Metaspace       used 52358K, capacity 53791K, committed 54016K, reserved 1095680K
  class space    used 6620K, capacity 7088K, committed 7168K, reserved 1048576K
}
Event: 30.794 GC heap after
{Heap after GC invocations=21 (full 0):
 garbage-first heap   total 95232K, used 42908K [0x0000000080000000, 0x0000000100000000)
  region size 1024K, 3 young (3072K), 3 survivors (3072K)
 Metaspace       used 52358K, capacity 53791K, committed 54016K, reserved 1095680K
  class space    used 6620K, capacity 7088K, committed 7168K, reserved 1048576K
}
Event: 32.045 GC heap before
{Heap before GC invocations=21 (full 0):
 garbage-first heap   total 95232K, used 70556K [0x0000000080000000, 0x0000000100000000)
  region size 1024K, 30 young (30720K), 3 survivors (3072K)
 Metaspace       used 56027K, capacity 57500K, committed 57600K, reserved 1099776K
  class space    used 7103K, capacity 7635K, committed 7680K, reserved 1048576K
}
Event: 32.056 GC heap after
{Heap after GC invocations=22 (full 0):
 garbage-first heap   total 95232K, used 43964K [0x0000000080000000, 0x0000000100000000)
  region size 1024K, 2 young (2048K), 2 survivors (2048K)
 Metaspace       used 56027K, capacity 57500K, committed 57600K, reserved 1099776K
  class space    used 7103K, capacity 7635K, committed 7680K, reserved 1048576K
}
Event: 33.030 GC heap before
{Heap before GC invocations=22 (full 0):
 garbage-first heap   total 95232K, used 70588K [0x0000000080000000, 0x0000000100000000)
  region size 1024K, 29 young (29696K), 2 survivors (2048K)
 Metaspace       used 59388K, capacity 60946K, committed 61184K, reserved 1101824K
  class space    used 7525K, capacity 8079K, committed 8192K, reserved 1048576K
}
Event: 33.045 GC heap after
{Heap after GC invocations=23 (full 0):
 garbage-first heap   total 95232K, used 46697K [0x0000000080000000, 0x0000000100000000)
  region size 1024K, 4 young (4096K), 4 survivors (4096K)
 Metaspace       used 59388K, capacity 60946K, committed 61184K, reserved 1101824K
  class space    used 7525K, capacity 8079K, committed 8192K, reserved 1048576K
}

