# JRE version: OpenJDK Runtime Environment (11.0.8+10) (build 11.0.8+10-b944.6842174)
# Java VM: OpenJDK 64-Bit Server VM (11.0.8+10-b944.6842174, mixed mode, tiered, compressed oops, g1 gc, windows-amd64)
Heap:
 garbage-first heap   total 96256K, used 65956K [0x00000000e0000000, 0x0000000100000000)
  region size 1024K, 3 young (3072K), 2 survivors (2048K)
 Metaspace       used 49493K, capacity 51033K, committed 51200K, reserved 1093632K
  class space    used 6328K, capacity 6820K, committed 6912K, reserved 1048576K
GC Heap History (20 events):
Event: 33.735 GC heap before
{Heap before GC invocations=34 (full 0):
 garbage-first heap   total 78848K, used 59997K [0x00000000e0000000, 0x0000000100000000)
  region size 1024K, 9 young (9216K), 1 survivors (1024K)
 Metaspace       used 45595K, capacity 46832K, committed 46976K, reserved 1089536K
  class space    used 5786K, capacity 6219K, committed 6272K, reserved 1048576K
}
Event: 33.741 GC heap after
{Heap after GC invocations=35 (full 0):
 garbage-first heap   total 78848K, used 52600K [0x00000000e0000000, 0x0000000100000000)
  region size 1024K, 2 young (2048K), 2 survivors (2048K)
 Metaspace       used 45595K, capacity 46832K, committed 46976K, reserved 1089536K
  class space    used 5786K, capacity 6219K, committed 6272K, reserved 1048576K
}
Event: 34.143 GC heap before
{Heap before GC invocations=36 (full 0):
 garbage-first heap   total 78848K, used 60792K [0x00000000e0000000, 0x0000000100000000)
  region size 1024K, 10 young (10240K), 2 survivors (2048K)
 Metaspace       used 46195K, capacity 47523K, committed 47616K, reserved 1091584K
  class space    used 5883K, capacity 6322K, committed 6400K, reserved 1048576K
}
Event: 34.154 GC heap after
{Heap after GC invocations=37 (full 0):
 garbage-first heap   total 78848K, used 52857K [0x00000000e0000000, 0x0000000100000000)
  region size 1024K, 2 young (2048K), 2 survivors (2048K)
 Metaspace       used 46195K, capacity 47523K, committed 47616K, reserved 1091584K
  class space    used 5883K, capacity 6322K, committed 6400K, reserved 1048576K
}
Event: 34.366 GC heap before
{Heap before GC invocations=37 (full 0):
 garbage-first heap   total 78848K, used 62073K [0x00000000e0000000, 0x0000000100000000)
  region size 1024K, 11 young (11264K), 2 survivors (2048K)
 Metaspace       used 46459K, capacity 47871K, committed 48128K, reserved 1091584K
  class space    used 5932K, capacity 6395K, committed 6400K, reserved 1048576K
}
Event: 34.372 GC heap after
{Heap after GC invocations=38 (full 0):
 garbage-first heap   total 78848K, used 53250K [0x00000000e0000000, 0x0000000100000000)
  region size 1024K, 2 young (2048K), 2 survivors (2048K)
 Metaspace       used 46459K, capacity 47871K, committed 48128K, reserved 1091584K
  class space    used 5932K, capacity 6395K, committed 6400K, reserved 1048576K
}
Event: 34.857 GC heap before
{Heap before GC invocations=39 (full 0):
 garbage-first heap   total 78848K, used 62466K [0x00000000e0000000, 0x0000000100000000)
  region size 1024K, 11 young (11264K), 2 survivors (2048K)
 Metaspace       used 46985K, capacity 48376K, committed 48512K, reserved 1091584K
  class space    used 6021K, capacity 6477K, committed 6528K, reserved 1048576K
}
Event: 34.871 GC heap after
{Heap after GC invocations=40 (full 0):
 garbage-first heap   total 78848K, used 53795K [0x00000000e0000000, 0x0000000100000000)
  region size 1024K, 2 young (2048K), 2 survivors (2048K)
 Metaspace       used 46985K, capacity 48376K, committed 48512K, reserved 1091584K
  class space    used 6021K, capacity 6477K, committed 6528K, reserved 1048576K
}
Event: 35.064 GC heap before
{Heap before GC invocations=40 (full 0):
 garbage-first heap   total 78848K, used 63011K [0x00000000e0000000, 0x0000000100000000)
  region size 1024K, 11 young (11264K), 2 survivors (2048K)
 Metaspace       used 47382K, capacity 48778K, committed 48896K, reserved 1091584K
  class space    used 6086K, capacity 6549K, committed 6656K, reserved 1048576K
}
Event: 35.070 GC heap after
{Heap after GC invocations=41 (full 0):
 garbage-first heap   total 78848K, used 54322K [0x00000000e0000000, 0x0000000100000000)
  region size 1024K, 2 young (2048K), 2 survivors (2048K)
 Metaspace       used 47382K, capacity 48778K, committed 48896K, reserved 1091584K
  class space    used 6086K, capacity 6549K, committed 6656K, reserved 1048576K
}
Event: 35.560 GC heap before
{Heap before GC invocations=42 (full 0):
 garbage-first heap   total 78848K, used 63538K [0x00000000e0000000, 0x0000000100000000)
  region size 1024K, 12 young (12288K), 2 survivors (2048K)
 Metaspace       used 48159K, capacity 49623K, committed 49792K, reserved 1091584K
  class space    used 6198K, capacity 6659K, committed 6784K, reserved 1048576K
}
Event: 35.566 GC heap after
{Heap after GC invocations=43 (full 0):
 garbage-first heap   total 78848K, used 54592K [0x00000000e0000000, 0x0000000100000000)
  region size 1024K, 2 young (2048K), 2 survivors (2048K)
 Metaspace       used 48159K, capacity 49623K, committed 49792K, reserved 1091584K
  class space    used 6198K, capacity 6659K, committed 6784K, reserved 1048576K
}
Event: 37.085 GC heap before
{Heap before GC invocations=43 (full 0):
 garbage-first heap   total 78848K, used 63808K [0x00000000e0000000, 0x0000000100000000)
  region size 1024K, 12 young (12288K), 2 survivors (2048K)
 Metaspace       used 48792K, capacity 50204K, committed 50304K, reserved 1093632K
  class space    used 6254K, capacity 6700K, committed 6784K, reserved 1048576K
}
Event: 37.106 GC heap after
{Heap after GC invocations=44 (full 0):
 garbage-first heap   total 78848K, used 55650K [0x00000000e0000000, 0x0000000100000000)
  region size 1024K, 2 young (2048K), 2 survivors (2048K)
 Metaspace       used 48792K, capacity 50204K, committed 50304K, reserved 1093632K
  class space    used 6254K, capacity 6700K, committed 6784K, reserved 1048576K
}
Event: 38.706 GC heap before
{Heap before GC invocations=45 (full 0):
 garbage-first heap   total 78848K, used 64866K [0x00000000e0000000, 0x0000000100000000)
  region size 1024K, 12 young (12288K), 2 survivors (2048K)
 Metaspace       used 49133K, capacity 50607K, committed 50816K, reserved 1093632K
  class space    used 6280K, capacity 6746K, committed 6784K, reserved 1048576K
}
Event: 38.725 GC heap after
{Heap after GC invocations=46 (full 0):
 garbage-first heap   total 96256K, used 56609K [0x00000000e0000000, 0x0000000100000000)
  region size 1024K, 2 young (2048K), 2 survivors (2048K)
 Metaspace       used 49133K, capacity 50607K, committed 50816K, reserved 1093632K
  class space    used 6280K, capacity 6746K, committed 6784K, reserved 1048576K
}
Event: 39.816 GC heap before
{Heap before GC invocations=46 (full 0):
 garbage-first heap   total 96256K, used 60705K [0x00000000e0000000, 0x0000000100000000)
  region size 1024K, 8 young (8192K), 2 survivors (2048K)
 Metaspace       used 49239K, capacity 50765K, committed 50816K, reserved 1093632K
  class space    used 6288K, capacity 6754K, committed 6784K, reserved 1048576K
}
Event: 39.841 GC heap after
{Heap after GC invocations=47 (full 0):
 garbage-first heap   total 96256K, used 58239K [0x00000000e0000000, 0x0000000100000000)
  region size 1024K, 3 young (3072K), 3 survivors (3072K)
 Metaspace       used 49239K, capacity 50765K, committed 50816K, reserved 1093632K
  class space    used 6288K, capacity 6754K, committed 6784K, reserved 1048576K
}
Event: 41.285 GC heap before
{Heap before GC invocations=48 (full 0):
 garbage-first heap   total 96256K, used 61311K [0x00000000e0000000, 0x0000000100000000)
  region size 1024K, 7 young (7168K), 3 survivors (3072K)
 Metaspace       used 49243K, capacity 50765K, committed 50816K, reserved 1093632K
  class space    used 6288K, capacity 6754K, committed 6784K, reserved 1048576K
}
Event: 41.304 GC heap after
{Heap after GC invocations=49 (full 0):
 garbage-first heap   total 96256K, used 61581K [0x00000000e0000000, 0x0000000100000000)
  region size 1024K, 2 young (2048K), 2 survivors (2048K)
 Metaspace       used 49243K, capacity 50765K, committed 50816K, reserved 1093632K
  class space    used 6288K, capacity 6754K, committed 6784K, reserved 1048576K
}

