# JRE version: OpenJDK Runtime Environment (8.0_242-b01) (build 1.8.0_242-release-1644-b01)
# Java VM: OpenJDK 64-Bit Server VM (25.242-b01 mixed mode windows-amd64 compressed oops)
Heap:
 PSYoungGen      total 171008K, used 164493K [0x00000000d5580000, 0x00000000e4680000, 0x0000000100000000)
  eden space 152576K, 98% used [0x00000000d5580000,0x00000000de841728,0x00000000dea80000)
  from space 18432K, 77% used [0x00000000dea80000,0x00000000df861e78,0x00000000dfc80000)
  to   space 19968K, 0% used [0x00000000e3300000,0x00000000e3300000,0x00000000e4680000)
 ParOldGen       total 86528K, used 36581K [0x0000000080000000, 0x0000000085480000, 0x00000000d5580000)
  object space 86528K, 42% used [0x0000000080000000,0x00000000823b97e8,0x0000000085480000)
 Metaspace       used 74335K, capacity 77430K, committed 77656K, reserved 1118208K
  class space    used 10159K, capacity 10823K, committed 10880K, reserved 1048576K
GC Heap History (10 events):
Event: 72.020 GC heap before
{Heap before GC invocations=16 (full 2):
 PSYoungGen      total 109568K, used 109272K [0x00000000d5580000, 0x00000000de380000, 0x0000000100000000)
  eden space 99840K, 100% used [0x00000000d5580000,0x00000000db700000,0x00000000db700000)
  from space 9728K, 96% used [0x00000000db700000,0x00000000dc036378,0x00000000dc080000)
  to   space 10752K, 0% used [0x00000000dd900000,0x00000000dd900000,0x00000000de380000)
 ParOldGen       total 56832K, used 14420K [0x0000000080000000, 0x0000000083780000, 0x00000000d5580000)
  object space 56832K, 25% used [0x0000000080000000,0x0000000080e150d8,0x0000000083780000)
 Metaspace       used 47877K, capacity 49930K, committed 50136K, reserved 1093632K
  class space    used 6393K, capacity 6831K, committed 6912K, reserved 1048576K
Event: 72.076 GC heap after
Heap after GC invocations=16 (full 2):
 PSYoungGen      total 131072K, used 10748K [0x00000000d5580000, 0x00000000de900000, 0x0000000100000000)
  eden space 120320K, 0% used [0x00000000d5580000,0x00000000d5580000,0x00000000dcb00000)
  from space 10752K, 99% used [0x00000000dd900000,0x00000000de37f058,0x00000000de380000)
  to   space 14336K, 0% used [0x00000000dcb00000,0x00000000dcb00000,0x00000000dd900000)
 ParOldGen       total 56832K, used 19864K [0x0000000080000000, 0x0000000083780000, 0x00000000d5580000)
  object space 56832K, 34% used [0x0000000080000000,0x00000000813660b8,0x0000000083780000)
 Metaspace       used 47877K, capacity 49930K, committed 50136K, reserved 1093632K
  class space    used 6393K, capacity 6831K, committed 6912K, reserved 1048576K
}
Event: 79.551 GC heap before
{Heap before GC invocations=17 (full 2):
 PSYoungGen      total 131072K, used 131068K [0x00000000d5580000, 0x00000000de900000, 0x0000000100000000)
  eden space 120320K, 100% used [0x00000000d5580000,0x00000000dcb00000,0x00000000dcb00000)
  from space 10752K, 99% used [0x00000000dd900000,0x00000000de37f058,0x00000000de380000)
  to   space 14336K, 0% used [0x00000000dcb00000,0x00000000dcb00000,0x00000000dd900000)
 ParOldGen       total 56832K, used 19864K [0x0000000080000000, 0x0000000083780000, 0x00000000d5580000)
  object space 56832K, 34% used [0x0000000080000000,0x00000000813660b8,0x0000000083780000)
 Metaspace       used 56176K, capacity 58628K, committed 58840K, reserved 1099776K
  class space    used 7419K, capacity 7918K, committed 7936K, reserved 1048576K
Event: 79.656 GC heap after
Heap after GC invocations=17 (full 2):
 PSYoungGen      total 134656K, used 14328K [0x00000000d5580000, 0x00000000e0f80000, 0x0000000100000000)
  eden space 120320K, 0% used [0x00000000d5580000,0x00000000d5580000,0x00000000dcb00000)
  from space 14336K, 99% used [0x00000000dcb00000,0x00000000dd8fe3c0,0x00000000dd900000)
  to   space 19456K, 0% used [0x00000000dfc80000,0x00000000dfc80000,0x00000000e0f80000)
 ParOldGen       total 56832K, used 28428K [0x0000000080000000, 0x0000000083780000, 0x00000000d5580000)
  object space 56832K, 50% used [0x0000000080000000,0x0000000081bc3350,0x0000000083780000)
 Metaspace       used 56176K, capacity 58628K, committed 58840K, reserved 1099776K
  class space    used 7419K, capacity 7918K, committed 7936K, reserved 1048576K
}
Event: 79.741 GC heap before
{Heap before GC invocations=18 (full 2):
 PSYoungGen      total 134656K, used 18766K [0x00000000d5580000, 0x00000000e0f80000, 0x0000000100000000)
  eden space 120320K, 3% used [0x00000000d5580000,0x00000000d59d5550,0x00000000dcb00000)
  from space 14336K, 99% used [0x00000000dcb00000,0x00000000dd8fe3c0,0x00000000dd900000)
  to   space 19456K, 0% used [0x00000000dfc80000,0x00000000dfc80000,0x00000000e0f80000)
 ParOldGen       total 56832K, used 28428K [0x0000000080000000, 0x0000000083780000, 0x00000000d5580000)
  object space 56832K, 50% used [0x0000000080000000,0x0000000081bc3350,0x0000000083780000)
 Metaspace       used 56384K, capacity 58794K, committed 58968K, reserved 1099776K
  class space    used 7450K, capacity 7951K, committed 8064K, reserved 1048576K
Event: 79.798 GC heap after
Heap after GC invocations=18 (full 2):
 PSYoungGen      total 172032K, used 7748K [0x00000000d5580000, 0x00000000e2f00000, 0x0000000100000000)
  eden space 152576K, 0% used [0x00000000d5580000,0x00000000d5580000,0x00000000dea80000)
  from space 19456K, 39% used [0x00000000dfc80000,0x00000000e0411300,0x00000000e0f80000)
  to   space 18432K, 0% used [0x00000000dea80000,0x00000000dea80000,0x00000000dfc80000)
 ParOldGen       total 56832K, used 35478K [0x0000000080000000, 0x0000000083780000, 0x00000000d5580000)
  object space 56832K, 62% used [0x0000000080000000,0x00000000822a5b90,0x0000000083780000)
 Metaspace       used 56384K, capacity 58794K, committed 58968K, reserved 1099776K
  class space    used 7450K, capacity 7951K, committed 8064K, reserved 1048576K
}
Event: 79.798 GC heap before
{Heap before GC invocations=19 (full 3):
 PSYoungGen      total 172032K, used 7748K [0x00000000d5580000, 0x00000000e2f00000, 0x0000000100000000)
  eden space 152576K, 0% used [0x00000000d5580000,0x00000000d5580000,0x00000000dea80000)
  from space 19456K, 39% used [0x00000000dfc80000,0x00000000e0411300,0x00000000e0f80000)
  to   space 18432K, 0% used [0x00000000dea80000,0x00000000dea80000,0x00000000dfc80000)
 ParOldGen       total 56832K, used 35478K [0x0000000080000000, 0x0000000083780000, 0x00000000d5580000)
  object space 56832K, 62% used [0x0000000080000000,0x00000000822a5b90,0x0000000083780000)
 Metaspace       used 56384K, capacity 58794K, committed 58968K, reserved 1099776K
  class space    used 7450K, capacity 7951K, committed 8064K, reserved 1048576K
Event: 80.138 GC heap after
Heap after GC invocations=19 (full 3):
 PSYoungGen      total 172032K, used 0K [0x00000000d5580000, 0x00000000e2f00000, 0x0000000100000000)
  eden space 152576K, 0% used [0x00000000d5580000,0x00000000d5580000,0x00000000dea80000)
  from space 19456K, 0% used [0x00000000dfc80000,0x00000000dfc80000,0x00000000e0f80000)
  to   space 18432K, 0% used [0x00000000dea80000,0x00000000dea80000,0x00000000dfc80000)
 ParOldGen       total 86528K, used 36573K [0x0000000080000000, 0x0000000085480000, 0x00000000d5580000)
  object space 86528K, 42% used [0x0000000080000000,0x00000000823b77e8,0x0000000085480000)
 Metaspace       used 56334K, capacity 58646K, committed 58968K, reserved 1099776K
  class space    used 7435K, capacity 7931K, committed 8064K, reserved 1048576K
}
Event: 96.843 GC heap before
{Heap before GC invocations=20 (full 3):
 PSYoungGen      total 172032K, used 152576K [0x00000000d5580000, 0x00000000e2f00000, 0x0000000100000000)
  eden space 152576K, 100% used [0x00000000d5580000,0x00000000dea80000,0x00000000dea80000)
  from space 19456K, 0% used [0x00000000dfc80000,0x00000000dfc80000,0x00000000e0f80000)
  to   space 18432K, 0% used [0x00000000dea80000,0x00000000dea80000,0x00000000dfc80000)
 ParOldGen       total 86528K, used 36573K [0x0000000080000000, 0x0000000085480000, 0x00000000d5580000)
  object space 86528K, 42% used [0x0000000080000000,0x00000000823b77e8,0x0000000085480000)
 Metaspace       used 64892K, capacity 67644K, committed 67800K, reserved 1107968K
  class space    used 8806K, capacity 9356K, committed 9472K, reserved 1048576K
Event: 96.909 GC heap after
Heap after GC invocations=20 (full 3):
 PSYoungGen      total 171008K, used 14215K [0x00000000d5580000, 0x00000000e4680000, 0x0000000100000000)
  eden space 152576K, 0% used [0x00000000d5580000,0x00000000d5580000,0x00000000dea80000)
  from space 18432K, 77% used [0x00000000dea80000,0x00000000df861e78,0x00000000dfc80000)
  to   space 19968K, 0% used [0x00000000e3300000,0x00000000e3300000,0x00000000e4680000)
 ParOldGen       total 86528K, used 36581K [0x0000000080000000, 0x0000000085480000, 0x00000000d5580000)
  object space 86528K, 42% used [0x0000000080000000,0x00000000823b97e8,0x0000000085480000)
 Metaspace       used 64892K, capacity 67644K, committed 67800K, reserved 1107968K
  class space    used 8806K, capacity 9356K, committed 9472K, reserved 1048576K
}

