# JRE version: OpenJDK Runtime Environment (8.0_242-b01) (build 1.8.0_242-release-1644-b01)
# Java VM: OpenJDK 64-Bit Server VM (25.242-b01 mixed mode windows-amd64 compressed oops)
Heap:
 PSYoungGen      total 137728K, used 4311K [0x00000000d5580000, 0x00000000de580000, 0x0000000100000000)
  eden space 129024K, 3% used [0x00000000d5580000,0x00000000d59b5eb8,0x00000000dd380000)
  from space 8704K, 0% used [0x00000000ddd00000,0x00000000ddd00000,0x00000000de580000)
  to   space 9216K, 0% used [0x00000000dd380000,0x00000000dd380000,0x00000000ddc80000)
 ParOldGen       total 40448K, used 15476K [0x0000000080000000, 0x0000000082780000, 0x00000000d5580000)
  object space 40448K, 38% used [0x0000000080000000,0x0000000080f1d110,0x0000000082780000)
 Metaspace       used 34119K, capacity 35474K, committed 35672K, reserved 1079296K
  class space    used 4623K, capacity 4976K, committed 4992K, reserved 1048576K
GC Heap History (10 events):
Event: 6.188 GC heap before
{Heap before GC invocations=8 (full 0):
 PSYoungGen      total 71680K, used 8620K [0x00000000d5580000, 0x00000000de680000, 0x0000000100000000)
  eden space 64512K, 2% used [0x00000000d5580000,0x00000000d56f0968,0x00000000d9480000)
  from space 7168K, 99% used [0x00000000d9480000,0x00000000d9b7a948,0x00000000d9b80000)
  to   space 9728K, 0% used [0x00000000ddd00000,0x00000000ddd00000,0x00000000de680000)
 ParOldGen       total 44032K, used 8043K [0x0000000080000000, 0x0000000082b00000, 0x00000000d5580000)
  object space 44032K, 18% used [0x0000000080000000,0x00000000807dad80,0x0000000082b00000)
 Metaspace       used 20494K, capacity 21158K, committed 21248K, reserved 1067008K
  class space    used 2856K, capacity 3037K, committed 3072K, reserved 1048576K
Event: 6.203 GC heap after
Heap after GC invocations=8 (full 0):
 PSYoungGen      total 137728K, used 3668K [0x00000000d5580000, 0x00000000de580000, 0x0000000100000000)
  eden space 129024K, 0% used [0x00000000d5580000,0x00000000d5580000,0x00000000dd380000)
  from space 8704K, 42% used [0x00000000ddd00000,0x00000000de095040,0x00000000de580000)
  to   space 9216K, 0% used [0x00000000dd380000,0x00000000dd380000,0x00000000ddc80000)
 ParOldGen       total 44032K, used 8603K [0x0000000080000000, 0x0000000082b00000, 0x00000000d5580000)
  object space 44032K, 19% used [0x0000000080000000,0x0000000080866d80,0x0000000082b00000)
 Metaspace       used 20494K, capacity 21158K, committed 21248K, reserved 1067008K
  class space    used 2856K, capacity 3037K, committed 3072K, reserved 1048576K
}
Event: 6.203 GC heap before
{Heap before GC invocations=9 (full 1):
 PSYoungGen      total 137728K, used 3668K [0x00000000d5580000, 0x00000000de580000, 0x0000000100000000)
  eden space 129024K, 0% used [0x00000000d5580000,0x00000000d5580000,0x00000000dd380000)
  from space 8704K, 42% used [0x00000000ddd00000,0x00000000de095040,0x00000000de580000)
  to   space 9216K, 0% used [0x00000000dd380000,0x00000000dd380000,0x00000000ddc80000)
 ParOldGen       total 44032K, used 8603K [0x0000000080000000, 0x0000000082b00000, 0x00000000d5580000)
  object space 44032K, 19% used [0x0000000080000000,0x0000000080866d80,0x0000000082b00000)
 Metaspace       used 20494K, capacity 21158K, committed 21248K, reserved 1067008K
  class space    used 2856K, capacity 3037K, committed 3072K, reserved 1048576K
Event: 6.267 GC heap after
Heap after GC invocations=9 (full 1):
 PSYoungGen      total 137728K, used 0K [0x00000000d5580000, 0x00000000de580000, 0x0000000100000000)
  eden space 129024K, 0% used [0x00000000d5580000,0x00000000d5580000,0x00000000dd380000)
  from space 8704K, 0% used [0x00000000ddd00000,0x00000000ddd00000,0x00000000de580000)
  to   space 9216K, 0% used [0x00000000dd380000,0x00000000dd380000,0x00000000ddc80000)
 ParOldGen       total 28672K, used 6724K [0x0000000080000000, 0x0000000081c00000, 0x00000000d5580000)
  object space 28672K, 23% used [0x0000000080000000,0x0000000080691178,0x0000000081c00000)
 Metaspace       used 20494K, capacity 21158K, committed 21248K, reserved 1067008K
  class space    used 2856K, capacity 3037K, committed 3072K, reserved 1048576K
}
Event: 10.861 GC heap before
{Heap before GC invocations=10 (full 1):
 PSYoungGen      total 137728K, used 129024K [0x00000000d5580000, 0x00000000de580000, 0x0000000100000000)
  eden space 129024K, 100% used [0x00000000d5580000,0x00000000dd380000,0x00000000dd380000)
  from space 8704K, 0% used [0x00000000ddd00000,0x00000000ddd00000,0x00000000de580000)
  to   space 9216K, 0% used [0x00000000dd380000,0x00000000dd380000,0x00000000ddc80000)
 ParOldGen       total 28672K, used 6724K [0x0000000080000000, 0x0000000081c00000, 0x00000000d5580000)
  object space 28672K, 23% used [0x0000000080000000,0x0000000080691178,0x0000000081c00000)
 Metaspace       used 32376K, capacity 33498K, committed 33920K, reserved 1079296K
  class space    used 4371K, capacity 4656K, committed 4736K, reserved 1048576K
Event: 10.888 GC heap after
Heap after GC invocations=10 (full 1):
 PSYoungGen      total 138240K, used 9195K [0x00000000d5580000, 0x00000000de580000, 0x0000000100000000)
  eden space 129024K, 0% used [0x00000000d5580000,0x00000000d5580000,0x00000000dd380000)
  from space 9216K, 99% used [0x00000000dd380000,0x00000000ddc7ad90,0x00000000ddc80000)
  to   space 8704K, 0% used [0x00000000ddd00000,0x00000000ddd00000,0x00000000de580000)
 ParOldGen       total 28672K, used 10521K [0x0000000080000000, 0x0000000081c00000, 0x00000000d5580000)
  object space 28672K, 36% used [0x0000000080000000,0x0000000080a46628,0x0000000081c00000)
 Metaspace       used 32376K, capacity 33498K, committed 33920K, reserved 1079296K
  class space    used 4371K, capacity 4656K, committed 4736K, reserved 1048576K
}
Event: 12.389 GC heap before
{Heap before GC invocations=11 (full 1):
 PSYoungGen      total 138240K, used 48782K [0x00000000d5580000, 0x00000000de580000, 0x0000000100000000)
  eden space 129024K, 30% used [0x00000000d5580000,0x00000000d7c28c70,0x00000000dd380000)
  from space 9216K, 99% used [0x00000000dd380000,0x00000000ddc7ad90,0x00000000ddc80000)
  to   space 8704K, 0% used [0x00000000ddd00000,0x00000000ddd00000,0x00000000de580000)
 ParOldGen       total 28672K, used 10521K [0x0000000080000000, 0x0000000081c00000, 0x00000000d5580000)
  object space 28672K, 36% used [0x0000000080000000,0x0000000080a46628,0x0000000081c00000)
 Metaspace       used 34010K, capacity 35250K, committed 35416K, reserved 1079296K
  class space    used 4601K, capacity 4880K, committed 4992K, reserved 1048576K
Event: 12.408 GC heap after
Heap after GC invocations=11 (full 1):
 PSYoungGen      total 137728K, used 8687K [0x00000000d5580000, 0x00000000de580000, 0x0000000100000000)
  eden space 129024K, 0% used [0x00000000d5580000,0x00000000d5580000,0x00000000dd380000)
  from space 8704K, 99% used [0x00000000ddd00000,0x00000000de57bf38,0x00000000de580000)
  to   space 9216K, 0% used [0x00000000dd380000,0x00000000dd380000,0x00000000ddc80000)
 ParOldGen       total 28672K, used 10770K [0x0000000080000000, 0x0000000081c00000, 0x00000000d5580000)
  object space 28672K, 37% used [0x0000000080000000,0x0000000080a84890,0x0000000081c00000)
 Metaspace       used 34010K, capacity 35250K, committed 35416K, reserved 1079296K
  class space    used 4601K, capacity 4880K, committed 4992K, reserved 1048576K
}
Event: 12.408 GC heap before
{Heap before GC invocations=12 (full 2):
 PSYoungGen      total 137728K, used 8687K [0x00000000d5580000, 0x00000000de580000, 0x0000000100000000)
  eden space 129024K, 0% used [0x00000000d5580000,0x00000000d5580000,0x00000000dd380000)
  from space 8704K, 99% used [0x00000000ddd00000,0x00000000de57bf38,0x00000000de580000)
  to   space 9216K, 0% used [0x00000000dd380000,0x00000000dd380000,0x00000000ddc80000)
 ParOldGen       total 28672K, used 10770K [0x0000000080000000, 0x0000000081c00000, 0x00000000d5580000)
  object space 28672K, 37% used [0x0000000080000000,0x0000000080a84890,0x0000000081c00000)
 Metaspace       used 34010K, capacity 35250K, committed 35416K, reserved 1079296K
  class space    used 4601K, capacity 4880K, committed 4992K, reserved 1048576K
Event: 12.494 GC heap after
Heap after GC invocations=12 (full 2):
 PSYoungGen      total 137728K, used 0K [0x00000000d5580000, 0x00000000de580000, 0x0000000100000000)
  eden space 129024K, 0% used [0x00000000d5580000,0x00000000d5580000,0x00000000dd380000)
  from space 8704K, 0% used [0x00000000ddd00000,0x00000000ddd00000,0x00000000de580000)
  to   space 9216K, 0% used [0x00000000dd380000,0x00000000dd380000,0x00000000ddc80000)
 ParOldGen       total 40448K, used 15476K [0x0000000080000000, 0x0000000082780000, 0x00000000d5580000)
  object space 40448K, 38% used [0x0000000080000000,0x0000000080f1d110,0x0000000082780000)
 Metaspace       used 34010K, capacity 35250K, committed 35416K, reserved 1079296K
  class space    used 4601K, capacity 4880K, committed 4992K, reserved 1048576K
}

