# JRE version: OpenJDK Runtime Environment (11.0.8+10) (build 11.0.8+10-b944.6842174)
# Java VM: OpenJDK 64-Bit Server VM (11.0.8+10-b944.6842174, mixed mode, tiered, compressed oops, g1 gc, windows-amd64)
Heap:
 garbage-first heap   total 95232K, used 52376K [0x0000000080000000, 0x0000000100000000)
  region size 1024K, 30 young (30720K), 5 survivors (5120K)
 Metaspace       used 39628K, capacity 40612K, committed 40780K, reserved 1085440K
  class space    used 5108K, capacity 5439K, committed 5452K, reserved 1048576K
GC Heap History (20 events):
Event: 1.583 GC heap before
{Heap before GC invocations=1 (full 0):
 garbage-first heap   total 65536K, used 19629K [0x0000000080000000, 0x0000000100000000)
  region size 1024K, 13 young (13312K), 2 survivors (2048K)
 Metaspace       used 10162K, capacity 10375K, committed 10624K, reserved 1058816K
  class space    used 1066K, capacity 1141K, committed 1152K, reserved 1048576K
}
Event: 1.589 GC heap after
{Heap after GC invocations=2 (full 0):
 garbage-first heap   total 65536K, used 9484K [0x0000000080000000, 0x0000000100000000)
  region size 1024K, 2 young (2048K), 2 survivors (2048K)
 Metaspace       used 10162K, capacity 10375K, committed 10624K, reserved 1058816K
  class space    used 1066K, capacity 1141K, committed 1152K, reserved 1048576K
}
Event: 2.109 GC heap before
{Heap before GC invocations=2 (full 0):
 garbage-first heap   total 65536K, used 32012K [0x0000000080000000, 0x0000000100000000)
  region size 1024K, 24 young (24576K), 2 survivors (2048K)
 Metaspace       used 11094K, capacity 11264K, committed 11520K, reserved 1058816K
  class space    used 1166K, capacity 1245K, committed 1280K, reserved 1048576K
}
Event: 2.113 GC heap after
{Heap after GC invocations=3 (full 0):
 garbage-first heap   total 65536K, used 10042K [0x0000000080000000, 0x0000000100000000)
  region size 1024K, 2 young (2048K), 2 survivors (2048K)
 Metaspace       used 11094K, capacity 11264K, committed 11520K, reserved 1058816K
  class space    used 1166K, capacity 1245K, committed 1280K, reserved 1048576K
}
Event: 2.635 GC heap before
{Heap before GC invocations=3 (full 0):
 garbage-first heap   total 65536K, used 39738K [0x0000000080000000, 0x0000000100000000)
  region size 1024K, 31 young (31744K), 2 survivors (2048K)
 Metaspace       used 13401K, capacity 13699K, committed 13952K, reserved 1060864K
  class space    used 1493K, capacity 1590K, committed 1664K, reserved 1048576K
}
Event: 2.644 GC heap after
{Heap after GC invocations=4 (full 0):
 garbage-first heap   total 65536K, used 15038K [0x0000000080000000, 0x0000000100000000)
  region size 1024K, 4 young (4096K), 4 survivors (4096K)
 Metaspace       used 13401K, capacity 13699K, committed 13952K, reserved 1060864K
  class space    used 1493K, capacity 1590K, committed 1664K, reserved 1048576K
}
Event: 4.246 GC heap before
{Heap before GC invocations=4 (full 0):
 garbage-first heap   total 65536K, used 41662K [0x0000000080000000, 0x0000000100000000)
  region size 1024K, 30 young (30720K), 4 survivors (4096K)
 Metaspace       used 18860K, capacity 19247K, committed 19328K, reserved 1067008K
  class space    used 2271K, capacity 2405K, committed 2432K, reserved 1048576K
}
Event: 4.256 GC heap after
{Heap after GC invocations=5 (full 0):
 garbage-first heap   total 65536K, used 16339K [0x0000000080000000, 0x0000000100000000)
  region size 1024K, 2 young (2048K), 2 survivors (2048K)
 Metaspace       used 18860K, capacity 19247K, committed 19328K, reserved 1067008K
  class space    used 2271K, capacity 2405K, committed 2432K, reserved 1048576K
}
Event: 4.586 GC heap before
{Heap before GC invocations=5 (full 0):
 garbage-first heap   total 65536K, used 30675K [0x0000000080000000, 0x0000000100000000)
  region size 1024K, 17 young (17408K), 2 survivors (2048K)
 Metaspace       used 20657K, capacity 21162K, committed 21248K, reserved 1067008K
  class space    used 2530K, capacity 2730K, committed 2816K, reserved 1048576K
}
Event: 4.592 GC heap after
{Heap after GC invocations=6 (full 0):
 garbage-first heap   total 78848K, used 16729K [0x0000000080000000, 0x0000000100000000)
  region size 1024K, 2 young (2048K), 2 survivors (2048K)
 Metaspace       used 20657K, capacity 21162K, committed 21248K, reserved 1067008K
  class space    used 2530K, capacity 2730K, committed 2816K, reserved 1048576K
}
Event: 5.120 GC heap before
{Heap before GC invocations=7 (full 0):
 garbage-first heap   total 78848K, used 47449K [0x0000000080000000, 0x0000000100000000)
  region size 1024K, 32 young (32768K), 2 survivors (2048K)
 Metaspace       used 23591K, capacity 24170K, committed 24320K, reserved 1071104K
  class space    used 3011K, capacity 3225K, committed 3328K, reserved 1048576K
}
Event: 5.127 GC heap after
{Heap after GC invocations=8 (full 0):
 garbage-first heap   total 78848K, used 17666K [0x0000000080000000, 0x0000000100000000)
  region size 1024K, 3 young (3072K), 3 survivors (3072K)
 Metaspace       used 23591K, capacity 24170K, committed 24320K, reserved 1071104K
  class space    used 3011K, capacity 3225K, committed 3328K, reserved 1048576K
}
Event: 5.981 GC heap before
{Heap before GC invocations=8 (full 0):
 garbage-first heap   total 78848K, used 49410K [0x0000000080000000, 0x0000000100000000)
  region size 1024K, 34 young (34816K), 3 survivors (3072K)
 Metaspace       used 26626K, capacity 27223K, committed 27392K, reserved 1073152K
  class space    used 3513K, capacity 3756K, committed 3840K, reserved 1048576K
}
Event: 5.990 GC heap after
{Heap after GC invocations=9 (full 0):
 garbage-first heap   total 78848K, used 18923K [0x0000000080000000, 0x0000000100000000)
  region size 1024K, 3 young (3072K), 3 survivors (3072K)
 Metaspace       used 26626K, capacity 27223K, committed 27392K, reserved 1073152K
  class space    used 3513K, capacity 3756K, committed 3840K, reserved 1048576K
}
Event: 6.857 GC heap before
{Heap before GC invocations=9 (full 0):
 garbage-first heap   total 78848K, used 50667K [0x0000000080000000, 0x0000000100000000)
  region size 1024K, 34 young (34816K), 3 survivors (3072K)
 Metaspace       used 30241K, capacity 30914K, committed 30976K, reserved 1075200K
  class space    used 4058K, capacity 4304K, committed 4352K, reserved 1048576K
}
Event: 6.872 GC heap after
{Heap after GC invocations=10 (full 0):
 garbage-first heap   total 78848K, used 19947K [0x0000000080000000, 0x0000000100000000)
  region size 1024K, 4 young (4096K), 4 survivors (4096K)
 Metaspace       used 30241K, capacity 30914K, committed 30976K, reserved 1075200K
  class space    used 4058K, capacity 4304K, committed 4352K, reserved 1048576K
}
Event: 7.662 GC heap before
{Heap before GC invocations=10 (full 0):
 garbage-first heap   total 78848K, used 34283K [0x0000000080000000, 0x0000000100000000)
  region size 1024K, 19 young (19456K), 4 survivors (4096K)
 Metaspace       used 34989K, capacity 35779K, committed 35840K, reserved 1081344K
  class space    used 4540K, capacity 4863K, committed 4864K, reserved 1048576K
}
Event: 7.676 GC heap after
{Heap after GC invocations=11 (full 0):
 garbage-first heap   total 78848K, used 22135K [0x0000000080000000, 0x0000000100000000)
  region size 1024K, 5 young (5120K), 5 survivors (5120K)
 Metaspace       used 34989K, capacity 35779K, committed 35840K, reserved 1081344K
  class space    used 4540K, capacity 4863K, committed 4864K, reserved 1048576K
}
Event: 8.218 GC heap before
{Heap before GC invocations=12 (full 0):
 garbage-first heap   total 78848K, used 52855K [0x0000000080000000, 0x0000000100000000)
  region size 1024K, 35 young (35840K), 5 survivors (5120K)
 Metaspace       used 37050K, capacity 37923K, committed 38220K, reserved 1083392K
  class space    used 4800K, capacity 5125K, committed 5196K, reserved 1048576K
}
Event: 8.231 GC heap after
{Heap after GC invocations=13 (full 0):
 garbage-first heap   total 95232K, used 24728K [0x0000000080000000, 0x0000000100000000)
  region size 1024K, 5 young (5120K), 5 survivors (5120K)
 Metaspace       used 37050K, capacity 37923K, committed 38220K, reserved 1083392K
  class space    used 4800K, capacity 5125K, committed 5196K, reserved 1048576K
}

