# JRE version: OpenJDK Runtime Environment (11.0.8+10) (build 11.0.8+10-b944.6842174)
# Java VM: OpenJDK 64-Bit Server VM (11.0.8+10-b944.6842174, mixed mode, tiered, compressed oops, g1 gc, windows-amd64)
Heap:
 garbage-first heap   total 536576K, used 172009K [0x0000000080000000, 0x0000000100000000)
  region size 1024K, 6 young (6144K), 6 survivors (6144K)
 Metaspace       used 139185K, capacity 142919K, committed 143104K, reserved 1173504K
  class space    used 17032K, capacity 18384K, committed 18432K, reserved 1048576K
GC Heap History (20 events):
Event: 1222.007 GC heap after
{Heap after GC invocations=245 (full 0):
 garbage-first heap   total 343040K, used 162647K [0x0000000080000000, 0x0000000100000000)
  region size 1024K, 5 young (5120K), 5 survivors (5120K)
 Metaspace       used 137691K, capacity 141330K, committed 141824K, reserved 1173504K
  class space    used 16855K, capacity 18166K, committed 18432K, reserved 1048576K
}
Event: 1222.369 GC heap before
{Heap before GC invocations=246 (full 0):
 garbage-first heap   total 343040K, used 262999K [0x0000000080000000, 0x0000000100000000)
  region size 1024K, 103 young (105472K), 5 survivors (5120K)
 Metaspace       used 137706K, capacity 141332K, committed 141824K, reserved 1173504K
  class space    used 16855K, capacity 18166K, committed 18432K, reserved 1048576K
}
Event: 1222.379 GC heap after
{Heap after GC invocations=247 (full 0):
 garbage-first heap   total 343040K, used 162131K [0x0000000080000000, 0x0000000100000000)
  region size 1024K, 4 young (4096K), 4 survivors (4096K)
 Metaspace       used 137706K, capacity 141332K, committed 141824K, reserved 1173504K
  class space    used 16855K, capacity 18166K, committed 18432K, reserved 1048576K
}
Event: 1222.637 GC heap before
{Heap before GC invocations=247 (full 0):
 garbage-first heap   total 343040K, used 274771K [0x0000000080000000, 0x0000000100000000)
  region size 1024K, 114 young (116736K), 4 survivors (4096K)
 Metaspace       used 137724K, capacity 141332K, committed 141824K, reserved 1173504K
  class space    used 16857K, capacity 18166K, committed 18432K, reserved 1048576K
}
Event: 1222.649 GC heap after
{Heap after GC invocations=248 (full 0):
 garbage-first heap   total 343040K, used 163923K [0x0000000080000000, 0x0000000100000000)
  region size 1024K, 6 young (6144K), 6 survivors (6144K)
 Metaspace       used 137724K, capacity 141332K, committed 141824K, reserved 1173504K
  class space    used 16857K, capacity 18166K, committed 18432K, reserved 1048576K
}
Event: 1223.024 GC heap before
{Heap before GC invocations=248 (full 0):
 garbage-first heap   total 343040K, used 278611K [0x0000000080000000, 0x0000000100000000)
  region size 1024K, 118 young (120832K), 6 survivors (6144K)
 Metaspace       used 137742K, capacity 141396K, committed 142080K, reserved 1173504K
  class space    used 16857K, capacity 18166K, committed 18432K, reserved 1048576K
}
Event: 1223.036 GC heap after
{Heap after GC invocations=249 (full 0):
 garbage-first heap   total 343040K, used 164710K [0x0000000080000000, 0x0000000100000000)
  region size 1024K, 7 young (7168K), 7 survivors (7168K)
 Metaspace       used 137742K, capacity 141396K, committed 142080K, reserved 1173504K
  class space    used 16857K, capacity 18166K, committed 18432K, reserved 1048576K
}
Event: 1223.411 GC heap before
{Heap before GC invocations=250 (full 0):
 garbage-first heap   total 343040K, used 283494K [0x0000000080000000, 0x0000000100000000)
  region size 1024K, 123 young (125952K), 7 survivors (7168K)
 Metaspace       used 137774K, capacity 141396K, committed 142080K, reserved 1173504K
  class space    used 16857K, capacity 18166K, committed 18432K, reserved 1048576K
}
Event: 1223.429 GC heap after
{Heap after GC invocations=251 (full 0):
 garbage-first heap   total 411648K, used 164200K [0x0000000080000000, 0x0000000100000000)
  region size 1024K, 6 young (6144K), 6 survivors (6144K)
 Metaspace       used 137774K, capacity 141396K, committed 142080K, reserved 1173504K
  class space    used 16857K, capacity 18166K, committed 18432K, reserved 1048576K
}
Event: 1223.471 GC heap before
{Heap before GC invocations=251 (full 0):
 garbage-first heap   total 411648K, used 178536K [0x0000000080000000, 0x0000000100000000)
  region size 1024K, 20 young (20480K), 6 survivors (6144K)
 Metaspace       used 137776K, capacity 141396K, committed 142080K, reserved 1173504K
  class space    used 16857K, capacity 18166K, committed 18432K, reserved 1048576K
}
Event: 1223.500 GC heap after
{Heap after GC invocations=252 (full 0):
 garbage-first heap   total 411648K, used 164935K [0x0000000080000000, 0x0000000100000000)
  region size 1024K, 2 young (2048K), 2 survivors (2048K)
 Metaspace       used 137776K, capacity 141396K, committed 142080K, reserved 1173504K
  class space    used 16857K, capacity 18166K, committed 18432K, reserved 1048576K
}
Event: 1223.949 GC heap before
{Heap before GC invocations=252 (full 0):
 garbage-first heap   total 411648K, used 340039K [0x0000000080000000, 0x0000000100000000)
  region size 1024K, 173 young (177152K), 2 survivors (2048K)
 Metaspace       used 137780K, capacity 141396K, committed 142080K, reserved 1173504K
  class space    used 16857K, capacity 18166K, committed 18432K, reserved 1048576K
}
Event: 1223.960 GC heap after
{Heap after GC invocations=253 (full 0):
 garbage-first heap   total 411648K, used 166286K [0x0000000080000000, 0x0000000100000000)
  region size 1024K, 3 young (3072K), 3 survivors (3072K)
 Metaspace       used 137780K, capacity 141396K, committed 142080K, reserved 1173504K
  class space    used 16857K, capacity 18166K, committed 18432K, reserved 1048576K
}
Event: 1224.716 GC heap before
{Heap before GC invocations=254 (full 0):
 garbage-first heap   total 411648K, used 351630K [0x0000000080000000, 0x0000000100000000)
  region size 1024K, 184 young (188416K), 3 survivors (3072K)
 Metaspace       used 137798K, capacity 141460K, committed 142080K, reserved 1173504K
  class space    used 16857K, capacity 18166K, committed 18432K, reserved 1048576K
}
Event: 1224.727 GC heap after
{Heap after GC invocations=255 (full 0):
 garbage-first heap   total 411648K, used 167481K [0x0000000080000000, 0x0000000100000000)
  region size 1024K, 4 young (4096K), 4 survivors (4096K)
 Metaspace       used 137798K, capacity 141460K, committed 142080K, reserved 1173504K
  class space    used 16857K, capacity 18166K, committed 18432K, reserved 1048576K
}
Event: 1224.762 GC heap before
{Heap before GC invocations=255 (full 0):
 garbage-first heap   total 411648K, used 183865K [0x0000000080000000, 0x0000000100000000)
  region size 1024K, 20 young (20480K), 4 survivors (4096K)
 Metaspace       used 137798K, capacity 141460K, committed 142080K, reserved 1173504K
  class space    used 16857K, capacity 18166K, committed 18432K, reserved 1048576K
}
Event: 1224.784 GC heap after
{Heap after GC invocations=256 (full 0):
 garbage-first heap   total 411648K, used 165908K [0x0000000080000000, 0x0000000100000000)
  region size 1024K, 1 young (1024K), 1 survivors (1024K)
 Metaspace       used 137798K, capacity 141460K, committed 142080K, reserved 1173504K
  class space    used 16857K, capacity 18166K, committed 18432K, reserved 1048576K
}
Event: 1225.346 GC heap before
{Heap before GC invocations=256 (full 0):
 garbage-first heap   total 411648K, used 352276K [0x0000000080000000, 0x0000000100000000)
  region size 1024K, 183 young (187392K), 1 survivors (1024K)
 Metaspace       used 138303K, capacity 142014K, committed 142336K, reserved 1173504K
  class space    used 16934K, capacity 18267K, committed 18432K, reserved 1048576K
}
Event: 1225.359 GC heap after
{Heap after GC invocations=257 (full 0):
 garbage-first heap   total 411648K, used 167819K [0x0000000080000000, 0x0000000100000000)
  region size 1024K, 3 young (3072K), 3 survivors (3072K)
 Metaspace       used 138303K, capacity 142014K, committed 142336K, reserved 1173504K
  class space    used 16934K, capacity 18267K, committed 18432K, reserved 1048576K
}
Event: 1226.420 GC heap before
{Heap before GC invocations=258 (full 0):
 garbage-first heap   total 411648K, used 355211K [0x0000000080000000, 0x0000000100000000)
  region size 1024K, 185 young (189440K), 3 survivors (3072K)
 Metaspace       used 139185K, capacity 142919K, committed 143104K, reserved 1173504K
  class space    used 17032K, capacity 18384K, committed 18432K, reserved 1048576K
}

