# JRE version: OpenJDK Runtime Environment (8.0_242-b01) (build 1.8.0_242-release-1644-b01)
# Java VM: OpenJDK 64-Bit Server VM (25.242-b01 mixed mode windows-amd64 compressed oops)
Heap:
 PSYoungGen      total 301568K, used 135757K [0x00000000d5580000, 0x00000000ecb00000, 0x0000000100000000)
  eden space 252416K, 53% used [0x00000000d5580000,0x00000000dda13578,0x00000000e4c00000)
  from space 49152K, 0% used [0x00000000e4c00000,0x00000000e4c00000,0x00000000e7c00000)
  to   space 48128K, 0% used [0x00000000e9c00000,0x00000000e9c00000,0x00000000ecb00000)
 ParOldGen       total 216576K, used 90002K [0x0000000080000000, 0x000000008d380000, 0x00000000d5580000)
  object space 216576K, 41% used [0x0000000080000000,0x00000000857e4bc0,0x000000008d380000)
 Metaspace       used 152841K, capacity 158724K, committed 160984K, reserved 1187840K
  class space    used 20209K, capacity 21517K, committed 22016K, reserved 1048576K
GC Heap History (10 events):
Event: 10420.087 GC heap before
{Heap before GC invocations=28 (full 4):
 PSYoungGen      total 222720K, used 222694K [0x00000000d5580000, 0x00000000e9200000, 0x0000000100000000)
  eden space 181760K, 100% used [0x00000000d5580000,0x00000000e0700000,0x00000000e0700000)
  from space 40960K, 99% used [0x00000000e0700000,0x00000000e2ef9a00,0x00000000e2f00000)
  to   space 50688K, 0% used [0x00000000e6080000,0x00000000e6080000,0x00000000e9200000)
 ParOldGen       total 135680K, used 52704K [0x0000000080000000, 0x0000000088480000, 0x00000000d5580000)
  object space 135680K, 38% used [0x0000000080000000,0x0000000083378320,0x0000000088480000)
 Metaspace       used 129568K, capacity 135420K, committed 135640K, reserved 1167360K
  class space    used 17245K, capacity 18427K, committed 18432K, reserved 1048576K
Event: 10420.232 GC heap after
Heap after GC invocations=28 (full 4):
 PSYoungGen      total 270336K, used 36692K [0x00000000d5580000, 0x00000000e9880000, 0x0000000100000000)
  eden space 219648K, 0% used [0x00000000d5580000,0x00000000d5580000,0x00000000e2c00000)
  from space 50688K, 72% used [0x00000000e6080000,0x00000000e84550a8,0x00000000e9200000)
  to   space 53760K, 0% used [0x00000000e2c00000,0x00000000e2c00000,0x00000000e6080000)
 ParOldGen       total 135680K, used 71179K [0x0000000080000000, 0x0000000088480000, 0x00000000d5580000)
  object space 135680K, 52% used [0x0000000080000000,0x0000000084582e30,0x0000000088480000)
 Metaspace       used 129568K, capacity 135420K, committed 135640K, reserved 1167360K
  class space    used 17245K, capacity 18427K, committed 18432K, reserved 1048576K
}
Event: 10645.607 GC heap before
{Heap before GC invocations=29 (full 4):
 PSYoungGen      total 270336K, used 256340K [0x00000000d5580000, 0x00000000e9880000, 0x0000000100000000)
  eden space 219648K, 100% used [0x00000000d5580000,0x00000000e2c00000,0x00000000e2c00000)
  from space 50688K, 72% used [0x00000000e6080000,0x00000000e84550a8,0x00000000e9200000)
  to   space 53760K, 0% used [0x00000000e2c00000,0x00000000e2c00000,0x00000000e6080000)
 ParOldGen       total 135680K, used 71179K [0x0000000080000000, 0x0000000088480000, 0x00000000d5580000)
  object space 135680K, 52% used [0x0000000080000000,0x0000000084582e30,0x0000000088480000)
 Metaspace       used 135621K, capacity 142016K, committed 142168K, reserved 1171456K
  class space    used 17899K, capacity 19267K, committed 19328K, reserved 1048576K
Event: 10649.087 GC heap after
Heap after GC invocations=29 (full 4):
 PSYoungGen      total 273408K, used 24972K [0x00000000d5580000, 0x00000000eb480000, 0x0000000100000000)
  eden space 219648K, 0% used [0x00000000d5580000,0x00000000d5580000,0x00000000e2c00000)
  from space 53760K, 46% used [0x00000000e2c00000,0x00000000e4463060,0x00000000e6080000)
  to   space 51200K, 0% used [0x00000000e8280000,0x00000000e8280000,0x00000000eb480000)
 ParOldGen       total 135680K, used 90017K [0x0000000080000000, 0x0000000088480000, 0x00000000d5580000)
  object space 135680K, 66% used [0x0000000080000000,0x00000000857e8590,0x0000000088480000)
 Metaspace       used 135621K, capacity 142016K, committed 142168K, reserved 1171456K
  class space    used 17899K, capacity 19267K, committed 19328K, reserved 1048576K
}
Event: 15573.862 GC heap before
{Heap before GC invocations=30 (full 4):
 PSYoungGen      total 273408K, used 244620K [0x00000000d5580000, 0x00000000eb480000, 0x0000000100000000)
  eden space 219648K, 100% used [0x00000000d5580000,0x00000000e2c00000,0x00000000e2c00000)
  from space 53760K, 46% used [0x00000000e2c00000,0x00000000e4463060,0x00000000e6080000)
  to   space 51200K, 0% used [0x00000000e8280000,0x00000000e8280000,0x00000000eb480000)
 ParOldGen       total 135680K, used 90017K [0x0000000080000000, 0x0000000088480000, 0x00000000d5580000)
  object space 135680K, 66% used [0x0000000080000000,0x00000000857e8590,0x0000000088480000)
 Metaspace       used 144379K, capacity 151180K, committed 151256K, reserved 1179648K
  class space    used 19002K, capacity 20430K, committed 20480K, reserved 1048576K
Event: 15574.803 GC heap after
Heap after GC invocations=30 (full 4):
 PSYoungGen      total 294912K, used 19310K [0x00000000d5580000, 0x00000000eac00000, 0x0000000100000000)
  eden space 252416K, 0% used [0x00000000d5580000,0x00000000d5580000,0x00000000e4c00000)
  from space 42496K, 45% used [0x00000000e8280000,0x00000000e955b8b8,0x00000000eac00000)
  to   space 49152K, 0% used [0x00000000e4c00000,0x00000000e4c00000,0x00000000e7c00000)
 ParOldGen       total 135680K, used 105501K [0x0000000080000000, 0x0000000088480000, 0x00000000d5580000)
  object space 135680K, 77% used [0x0000000080000000,0x0000000086707460,0x0000000088480000)
 Metaspace       used 144379K, capacity 151180K, committed 151256K, reserved 1179648K
  class space    used 19002K, capacity 20430K, committed 20480K, reserved 1048576K
}
Event: 15627.072 GC heap before
{Heap before GC invocations=31 (full 4):
 PSYoungGen      total 294912K, used 271726K [0x00000000d5580000, 0x00000000eac00000, 0x0000000100000000)
  eden space 252416K, 100% used [0x00000000d5580000,0x00000000e4c00000,0x00000000e4c00000)
  from space 42496K, 45% used [0x00000000e8280000,0x00000000e955b8b8,0x00000000eac00000)
  to   space 49152K, 0% used [0x00000000e4c00000,0x00000000e4c00000,0x00000000e7c00000)
 ParOldGen       total 135680K, used 105501K [0x0000000080000000, 0x0000000088480000, 0x00000000d5580000)
  object space 135680K, 77% used [0x0000000080000000,0x0000000086707460,0x0000000088480000)
 Metaspace       used 153655K, capacity 160942K, committed 160984K, reserved 1187840K
  class space    used 20428K, capacity 21988K, committed 22016K, reserved 1048576K
Event: 15627.207 GC heap after
Heap after GC invocations=31 (full 4):
 PSYoungGen      total 301568K, used 27219K [0x00000000d5580000, 0x00000000ecb00000, 0x0000000100000000)
  eden space 252416K, 0% used [0x00000000d5580000,0x00000000d5580000,0x00000000e4c00000)
  from space 49152K, 55% used [0x00000000e4c00000,0x00000000e6694dc8,0x00000000e7c00000)
  to   space 48128K, 0% used [0x00000000e9c00000,0x00000000e9c00000,0x00000000ecb00000)
 ParOldGen       total 135680K, used 115615K [0x0000000080000000, 0x0000000088480000, 0x00000000d5580000)
  object space 135680K, 85% used [0x0000000080000000,0x00000000870e7c10,0x0000000088480000)
 Metaspace       used 153655K, capacity 160942K, committed 160984K, reserved 1187840K
  class space    used 20428K, capacity 21988K, committed 22016K, reserved 1048576K
}
Event: 15627.231 GC heap before
{Heap before GC invocations=32 (full 5):
 PSYoungGen      total 301568K, used 27219K [0x00000000d5580000, 0x00000000ecb00000, 0x0000000100000000)
  eden space 252416K, 0% used [0x00000000d5580000,0x00000000d5580000,0x00000000e4c00000)
  from space 49152K, 55% used [0x00000000e4c00000,0x00000000e6694dc8,0x00000000e7c00000)
  to   space 48128K, 0% used [0x00000000e9c00000,0x00000000e9c00000,0x00000000ecb00000)
 ParOldGen       total 135680K, used 115615K [0x0000000080000000, 0x0000000088480000, 0x00000000d5580000)
  object space 135680K, 85% used [0x0000000080000000,0x00000000870e7c10,0x0000000088480000)
 Metaspace       used 153655K, capacity 160942K, committed 160984K, reserved 1187840K
  class space    used 20428K, capacity 21988K, committed 22016K, reserved 1048576K
Event: 15690.155 GC heap after
Heap after GC invocations=32 (full 5):
 PSYoungGen      total 301568K, used 0K [0x00000000d5580000, 0x00000000ecb00000, 0x0000000100000000)
  eden space 252416K, 0% used [0x00000000d5580000,0x00000000d5580000,0x00000000e4c00000)
  from space 49152K, 0% used [0x00000000e4c00000,0x00000000e4c00000,0x00000000e7c00000)
  to   space 48128K, 0% used [0x00000000e9c00000,0x00000000e9c00000,0x00000000ecb00000)
 ParOldGen       total 216576K, used 90002K [0x0000000080000000, 0x000000008d380000, 0x00000000d5580000)
  object space 216576K, 41% used [0x0000000080000000,0x00000000857e4bc0,0x000000008d380000)
 Metaspace       used 152191K, capacity 158046K, committed 160984K, reserved 1187840K
  class space    used 20118K, capacity 21398K, committed 22016K, reserved 1048576K
}

