# JRE version: OpenJDK Runtime Environment (11.0.8+10) (build 11.0.8+10-b944.6842174)
# Java VM: OpenJDK 64-Bit Server VM (11.0.8+10-b944.6842174, mixed mode, tiered, compressed oops, g1 gc, windows-amd64)
Heap:
 garbage-first heap   total 267264K, used 177245K [0x0000000080000000, 0x0000000100000000)
  region size 1024K, 34 young (34816K), 2 survivors (2048K)
 Metaspace       used 129187K, capacity 133301K, committed 133376K, reserved 1165312K
  class space    used 15963K, capacity 17349K, committed 17408K, reserved 1048576K
GC Heap History (20 events):
Event: 2518.093 GC heap before
{Heap before GC invocations=128 (full 0):
 garbage-first heap   total 220160K, used 186693K [0x0000000080000000, 0x0000000100000000)
  region size 1024K, 36 young (36864K), 2 survivors (2048K)
 Metaspace       used 119132K, capacity 122822K, committed 123008K, reserved 1157120K
  class space    used 14727K, capacity 15980K, committed 16000K, reserved 1048576K
}
Event: 2518.120 GC heap after
{Heap after GC invocations=129 (full 0):
 garbage-first heap   total 220160K, used 155619K [0x0000000080000000, 0x0000000100000000)
  region size 1024K, 5 young (5120K), 5 survivors (5120K)
 Metaspace       used 119132K, capacity 122822K, committed 123008K, reserved 1157120K
  class space    used 14727K, capacity 15980K, committed 16000K, reserved 1048576K
}
Event: 2518.178 GC heap before
{Heap before GC invocations=129 (full 0):
 garbage-first heap   total 220160K, used 160739K [0x0000000080000000, 0x0000000100000000)
  region size 1024K, 10 young (10240K), 5 survivors (5120K)
 Metaspace       used 119151K, capacity 122822K, committed 123008K, reserved 1157120K
  class space    used 14728K, capacity 15980K, committed 16000K, reserved 1048576K
}
Event: 2518.233 GC heap after
{Heap after GC invocations=130 (full 0):
 garbage-first heap   total 220160K, used 152523K [0x0000000080000000, 0x0000000100000000)
  region size 1024K, 2 young (2048K), 2 survivors (2048K)
 Metaspace       used 119151K, capacity 122822K, committed 123008K, reserved 1157120K
  class space    used 14728K, capacity 15980K, committed 16000K, reserved 1048576K
}
Event: 2519.072 GC heap before
{Heap before GC invocations=130 (full 0):
 garbage-first heap   total 220160K, used 182219K [0x0000000080000000, 0x0000000100000000)
  region size 1024K, 32 young (32768K), 2 survivors (2048K)
 Metaspace       used 123395K, capacity 127331K, committed 127360K, reserved 1159168K
  class space    used 15391K, capacity 16752K, committed 16768K, reserved 1048576K
}
Event: 2519.111 GC heap after
{Heap after GC invocations=131 (full 0):
 garbage-first heap   total 220160K, used 156537K [0x0000000080000000, 0x0000000100000000)
  region size 1024K, 4 young (4096K), 4 survivors (4096K)
 Metaspace       used 123395K, capacity 127331K, committed 127360K, reserved 1159168K
  class space    used 15391K, capacity 16752K, committed 16768K, reserved 1048576K
}
Event: 2520.097 GC heap before
{Heap before GC invocations=132 (full 0):
 garbage-first heap   total 220160K, used 185209K [0x0000000080000000, 0x0000000100000000)
  region size 1024K, 32 young (32768K), 4 survivors (4096K)
 Metaspace       used 123741K, capacity 127575K, committed 127872K, reserved 1161216K
  class space    used 15370K, capacity 16692K, committed 16768K, reserved 1048576K
}
Event: 2520.117 GC heap after
{Heap after GC invocations=133 (full 0):
 garbage-first heap   total 220160K, used 156627K [0x0000000080000000, 0x0000000100000000)
  region size 1024K, 1 young (1024K), 1 survivors (1024K)
 Metaspace       used 123741K, capacity 127575K, committed 127872K, reserved 1161216K
  class space    used 15370K, capacity 16692K, committed 16768K, reserved 1048576K
}
Event: 2520.238 GC heap before
{Heap before GC invocations=133 (full 0):
 garbage-first heap   total 220160K, used 165843K [0x0000000080000000, 0x0000000100000000)
  region size 1024K, 10 young (10240K), 1 survivors (1024K)
 Metaspace       used 123844K, capacity 127705K, committed 127872K, reserved 1161216K
  class space    used 15373K, capacity 16692K, committed 16768K, reserved 1048576K
}
Event: 2520.261 GC heap after
{Heap after GC invocations=134 (full 0):
 garbage-first heap   total 220160K, used 143433K [0x0000000080000000, 0x0000000100000000)
  region size 1024K, 1 young (1024K), 1 survivors (1024K)
 Metaspace       used 123844K, capacity 127705K, committed 127872K, reserved 1161216K
  class space    used 15373K, capacity 16692K, committed 16768K, reserved 1048576K
}
Event: 2520.716 GC heap before
{Heap before GC invocations=134 (full 0):
 garbage-first heap   total 220160K, used 177225K [0x0000000080000000, 0x0000000100000000)
  region size 1024K, 35 young (35840K), 1 survivors (1024K)
 Metaspace       used 124673K, capacity 128586K, committed 128768K, reserved 1161216K
  class space    used 15479K, capacity 16836K, committed 16896K, reserved 1048576K
}
Event: 2520.733 GC heap after
{Heap after GC invocations=135 (full 0):
 garbage-first heap   total 267264K, used 144825K [0x0000000080000000, 0x0000000100000000)
  region size 1024K, 3 young (3072K), 3 survivors (3072K)
 Metaspace       used 124673K, capacity 128586K, committed 128768K, reserved 1161216K
  class space    used 15479K, capacity 16836K, committed 16896K, reserved 1048576K
}
Event: 2522.205 GC heap before
{Heap before GC invocations=136 (full 0):
 garbage-first heap   total 267264K, used 195001K [0x0000000080000000, 0x0000000100000000)
  region size 1024K, 53 young (54272K), 3 survivors (3072K)
 Metaspace       used 125613K, capacity 129518K, committed 129920K, reserved 1163264K
  class space    used 15509K, capacity 16839K, committed 17024K, reserved 1048576K
}
Event: 2522.226 GC heap after
{Heap after GC invocations=137 (full 0):
 garbage-first heap   total 267264K, used 142176K [0x0000000080000000, 0x0000000100000000)
  region size 1024K, 2 young (2048K), 2 survivors (2048K)
 Metaspace       used 125613K, capacity 129518K, committed 129920K, reserved 1163264K
  class space    used 15509K, capacity 16839K, committed 17024K, reserved 1048576K
}
Event: 2523.590 GC heap before
{Heap before GC invocations=137 (full 0):
 garbage-first heap   total 267264K, used 185184K [0x0000000080000000, 0x0000000100000000)
  region size 1024K, 46 young (47104K), 2 survivors (2048K)
 Metaspace       used 126808K, capacity 130682K, committed 130816K, reserved 1163264K
  class space    used 15694K, capacity 17037K, committed 17152K, reserved 1048576K
}
Event: 2523.631 GC heap after
{Heap after GC invocations=138 (full 0):
 garbage-first heap   total 267264K, used 149773K [0x0000000080000000, 0x0000000100000000)
  region size 1024K, 9 young (9216K), 9 survivors (9216K)
 Metaspace       used 126808K, capacity 130682K, committed 130816K, reserved 1163264K
  class space    used 15694K, capacity 17037K, committed 17152K, reserved 1048576K
}
Event: 2580.725 GC heap before
{Heap before GC invocations=139 (full 0):
 garbage-first heap   total 267264K, used 229644K [0x0000000080000000, 0x0000000100000000)
  region size 1024K, 65 young (66560K), 9 survivors (9216K)
 Metaspace       used 128999K, capacity 133011K, committed 133120K, reserved 1165312K
  class space    used 15960K, capacity 17342K, committed 17408K, reserved 1048576K
}
Event: 2580.772 GC heap after
{Heap after GC invocations=140 (full 0):
 garbage-first heap   total 267264K, used 146497K [0x0000000080000000, 0x0000000100000000)
  region size 1024K, 4 young (4096K), 4 survivors (4096K)
 Metaspace       used 128999K, capacity 133011K, committed 133120K, reserved 1165312K
  class space    used 15960K, capacity 17342K, committed 17408K, reserved 1048576K
}
Event: 2583.494 GC heap before
{Heap before GC invocations=140 (full 0):
 garbage-first heap   total 267264K, used 154689K [0x0000000080000000, 0x0000000100000000)
  region size 1024K, 13 young (13312K), 4 survivors (4096K)
 Metaspace       used 129115K, capacity 133094K, committed 133376K, reserved 1165312K
  class space    used 15962K, capacity 17346K, committed 17408K, reserved 1048576K
}
Event: 2583.540 GC heap after
{Heap after GC invocations=141 (full 0):
 garbage-first heap   total 267264K, used 146525K [0x0000000080000000, 0x0000000100000000)
  region size 1024K, 2 young (2048K), 2 survivors (2048K)
 Metaspace       used 129115K, capacity 133094K, committed 133376K, reserved 1165312K
  class space    used 15962K, capacity 17346K, committed 17408K, reserved 1048576K
}

