# JRE version: OpenJDK Runtime Environment (8.0_242-b01) (build 1.8.0_242-release-1644-b01)
# Java VM: OpenJDK 64-Bit Server VM (25.242-b01 mixed mode windows-amd64 compressed oops)
Heap:
 PSYoungGen      total 293376K, used 23773K [0x00000000d5580000, 0x00000000e9080000, 0x0000000100000000)
  eden space 276992K, 8% used [0x00000000d5580000,0x00000000d6cb7720,0x00000000e6400000)
  from space 16384K, 0% used [0x00000000e7a00000,0x00000000e7a00000,0x00000000e8a00000)
  to   space 22528K, 0% used [0x00000000e6400000,0x00000000e6400000,0x00000000e7a00000)
 ParOldGen       total 42496K, used 39139K [0x0000000080000000, 0x0000000082980000, 0x00000000d5580000)
  object space 42496K, 92% used [0x0000000080000000,0x0000000082638d68,0x0000000082980000)
 Metaspace       used 56768K, capacity 59338K, committed 59480K, reserved 1099776K
  class space    used 7758K, capacity 8303K, committed 8320K, reserved 1048576K
GC Heap History (10 events):
Event: 15.522 GC heap before
{Heap before GC invocations=11 (full 1):
 PSYoungGen      total 138752K, used 53504K [0x00000000d5580000, 0x00000000e2b80000, 0x0000000100000000)
  eden space 129024K, 33% used [0x00000000d5580000,0x00000000d8046610,0x00000000dd380000)
  from space 9728K, 99% used [0x00000000dd380000,0x00000000ddcf9c20,0x00000000ddd00000)
  to   space 12288K, 0% used [0x00000000e1f80000,0x00000000e1f80000,0x00000000e2b80000)
 ParOldGen       total 30208K, used 10304K [0x0000000080000000, 0x0000000081d80000, 0x00000000d5580000)
  object space 30208K, 34% used [0x0000000080000000,0x0000000080a10288,0x0000000081d80000)
 Metaspace       used 33945K, capacity 35250K, committed 35416K, reserved 1079296K
  class space    used 4592K, capacity 4880K, committed 4992K, reserved 1048576K
Event: 15.577 GC heap after
Heap after GC invocations=11 (full 1):
 PSYoungGen      total 203776K, used 8859K [0x00000000d5580000, 0x00000000e2a80000, 0x0000000100000000)
  eden space 192512K, 0% used [0x00000000d5580000,0x00000000d5580000,0x00000000e1180000)
  from space 11264K, 78% used [0x00000000e1f80000,0x00000000e2826e18,0x00000000e2a80000)
  to   space 12800K, 0% used [0x00000000e1180000,0x00000000e1180000,0x00000000e1e00000)
 ParOldGen       total 30208K, used 10304K [0x0000000080000000, 0x0000000081d80000, 0x00000000d5580000)
  object space 30208K, 34% used [0x0000000080000000,0x0000000080a10288,0x0000000081d80000)
 Metaspace       used 33945K, capacity 35250K, committed 35416K, reserved 1079296K
  class space    used 4592K, capacity 4880K, committed 4992K, reserved 1048576K
}
Event: 15.577 GC heap before
{Heap before GC invocations=12 (full 2):
 PSYoungGen      total 203776K, used 8859K [0x00000000d5580000, 0x00000000e2a80000, 0x0000000100000000)
  eden space 192512K, 0% used [0x00000000d5580000,0x00000000d5580000,0x00000000e1180000)
  from space 11264K, 78% used [0x00000000e1f80000,0x00000000e2826e18,0x00000000e2a80000)
  to   space 12800K, 0% used [0x00000000e1180000,0x00000000e1180000,0x00000000e1e00000)
 ParOldGen       total 30208K, used 10304K [0x0000000080000000, 0x0000000081d80000, 0x00000000d5580000)
  object space 30208K, 34% used [0x0000000080000000,0x0000000080a10288,0x0000000081d80000)
 Metaspace       used 33945K, capacity 35250K, committed 35416K, reserved 1079296K
  class space    used 4592K, capacity 4880K, committed 4992K, reserved 1048576K
Event: 15.714 GC heap after
Heap after GC invocations=12 (full 2):
 PSYoungGen      total 203776K, used 0K [0x00000000d5580000, 0x00000000e2a80000, 0x0000000100000000)
  eden space 192512K, 0% used [0x00000000d5580000,0x00000000d5580000,0x00000000e1180000)
  from space 11264K, 0% used [0x00000000e1f80000,0x00000000e1f80000,0x00000000e2a80000)
  to   space 12800K, 0% used [0x00000000e1180000,0x00000000e1180000,0x00000000e1e00000)
 ParOldGen       total 42496K, used 16034K [0x0000000080000000, 0x0000000082980000, 0x00000000d5580000)
  object space 42496K, 37% used [0x0000000080000000,0x0000000080fa8968,0x0000000082980000)
 Metaspace       used 33945K, capacity 35250K, committed 35416K, reserved 1079296K
  class space    used 4592K, capacity 4880K, committed 4992K, reserved 1048576K
}
Event: 28.307 GC heap before
{Heap before GC invocations=13 (full 2):
 PSYoungGen      total 203776K, used 192512K [0x00000000d5580000, 0x00000000e2a80000, 0x0000000100000000)
  eden space 192512K, 100% used [0x00000000d5580000,0x00000000e1180000,0x00000000e1180000)
  from space 11264K, 0% used [0x00000000e1f80000,0x00000000e1f80000,0x00000000e2a80000)
  to   space 12800K, 0% used [0x00000000e1180000,0x00000000e1180000,0x00000000e1e00000)
 ParOldGen       total 42496K, used 16034K [0x0000000080000000, 0x0000000082980000, 0x00000000d5580000)
  object space 42496K, 37% used [0x0000000080000000,0x0000000080fa8968,0x0000000082980000)
 Metaspace       used 44604K, capacity 46678K, committed 46936K, reserved 1089536K
  class space    used 6061K, capacity 6499K, committed 6528K, reserved 1048576K
Event: 28.399 GC heap after
Heap after GC invocations=13 (full 2):
 PSYoungGen      total 205312K, used 12768K [0x00000000d5580000, 0x00000000e8a00000, 0x0000000100000000)
  eden space 192512K, 0% used [0x00000000d5580000,0x00000000d5580000,0x00000000e1180000)
  from space 12800K, 99% used [0x00000000e1180000,0x00000000e1df81c8,0x00000000e1e00000)
  to   space 16384K, 0% used [0x00000000e7a00000,0x00000000e7a00000,0x00000000e8a00000)
 ParOldGen       total 42496K, used 19810K [0x0000000080000000, 0x0000000082980000, 0x00000000d5580000)
  object space 42496K, 46% used [0x0000000080000000,0x0000000081358b80,0x0000000082980000)
 Metaspace       used 44604K, capacity 46678K, committed 46936K, reserved 1089536K
  class space    used 6061K, capacity 6499K, committed 6528K, reserved 1048576K
}
Event: 86.653 GC heap before
{Heap before GC invocations=14 (full 2):
 PSYoungGen      total 205312K, used 160975K [0x00000000d5580000, 0x00000000e8a00000, 0x0000000100000000)
  eden space 192512K, 76% used [0x00000000d5580000,0x00000000de63bc40,0x00000000e1180000)
  from space 12800K, 99% used [0x00000000e1180000,0x00000000e1df81c8,0x00000000e1e00000)
  to   space 16384K, 0% used [0x00000000e7a00000,0x00000000e7a00000,0x00000000e8a00000)
 ParOldGen       total 42496K, used 19810K [0x0000000080000000, 0x0000000082980000, 0x00000000d5580000)
  object space 42496K, 46% used [0x0000000080000000,0x0000000081358b80,0x0000000082980000)
 Metaspace       used 56377K, capacity 58864K, committed 59028K, reserved 1099776K
  class space    used 7679K, capacity 8207K, committed 8320K, reserved 1048576K
Event: 86.761 GC heap after
Heap after GC invocations=14 (full 2):
 PSYoungGen      total 293376K, used 16366K [0x00000000d5580000, 0x00000000e9080000, 0x0000000100000000)
  eden space 276992K, 0% used [0x00000000d5580000,0x00000000d5580000,0x00000000e6400000)
  from space 16384K, 99% used [0x00000000e7a00000,0x00000000e89fb9a8,0x00000000e8a00000)
  to   space 22528K, 0% used [0x00000000e6400000,0x00000000e6400000,0x00000000e7a00000)
 ParOldGen       total 42496K, used 29599K [0x0000000080000000, 0x0000000082980000, 0x00000000d5580000)
  object space 42496K, 69% used [0x0000000080000000,0x0000000081ce7fc8,0x0000000082980000)
 Metaspace       used 56377K, capacity 58864K, committed 59028K, reserved 1099776K
  class space    used 7679K, capacity 8207K, committed 8320K, reserved 1048576K
}
Event: 86.761 GC heap before
{Heap before GC invocations=15 (full 3):
 PSYoungGen      total 293376K, used 16366K [0x00000000d5580000, 0x00000000e9080000, 0x0000000100000000)
  eden space 276992K, 0% used [0x00000000d5580000,0x00000000d5580000,0x00000000e6400000)
  from space 16384K, 99% used [0x00000000e7a00000,0x00000000e89fb9a8,0x00000000e8a00000)
  to   space 22528K, 0% used [0x00000000e6400000,0x00000000e6400000,0x00000000e7a00000)
 ParOldGen       total 42496K, used 29599K [0x0000000080000000, 0x0000000082980000, 0x00000000d5580000)
  object space 42496K, 69% used [0x0000000080000000,0x0000000081ce7fc8,0x0000000082980000)
 Metaspace       used 56377K, capacity 58864K, committed 59028K, reserved 1099776K
  class space    used 7679K, capacity 8207K, committed 8320K, reserved 1048576K
Event: 87.150 GC heap after
Heap after GC invocations=15 (full 3):
 PSYoungGen      total 293376K, used 0K [0x00000000d5580000, 0x00000000e9080000, 0x0000000100000000)
  eden space 276992K, 0% used [0x00000000d5580000,0x00000000d5580000,0x00000000e6400000)
  from space 16384K, 0% used [0x00000000e7a00000,0x00000000e7a00000,0x00000000e8a00000)
  to   space 22528K, 0% used [0x00000000e6400000,0x00000000e6400000,0x00000000e7a00000)
 ParOldGen       total 42496K, used 39139K [0x0000000080000000, 0x0000000082980000, 0x00000000d5580000)
  object space 42496K, 92% used [0x0000000080000000,0x0000000082638d68,0x0000000082980000)
 Metaspace       used 56366K, capacity 58828K, committed 59028K, reserved 1099776K
  class space    used 7676K, capacity 8201K, committed 8320K, reserved 1048576K
}

